-------------------------------------------------------------------------------
Test set: culturarte.logica.controladores.UsuarioControllerTest
-------------------------------------------------------------------------------
Tests run: 28, Failures: 0, Errors: 28, Skipped: 0, Time elapsed: 0.375 s <<< FAILURE! -- in culturarte.logica.controladores.UsuarioControllerTest
culturarte.logica.controladores.UsuarioControllerTest.marcarPropuestaFavorita_PropuestaNoExiste_LanzaExcepcion -- Time elapsed: 0.057 s <<< ERROR!
java.lang.IllegalStateException: Could not initialize plugin: interface org.mockito.plugins.MockMaker (alternate: null)
	at org.mockito.internal.configuration.plugins.PluginLoader$1.invoke(PluginLoader.java:85)
	at jdk.proxy2/jdk.proxy2.$Proxy11.isTypeMockable(Unknown Source)
	at org.mockito.internal.util.MockUtil.typeMockabilityOf(MockUtil.java:78)
	at org.mockito.internal.util.MockCreationValidator.validateType(MockCreationValidator.java:22)
	at org.mockito.internal.creation.MockSettingsImpl.validatedSettings(MockSettingsImpl.java:275)
	at org.mockito.internal.creation.MockSettingsImpl.build(MockSettingsImpl.java:236)
	at org.mockito.internal.MockitoCore.mock(MockitoCore.java:82)
	at org.mockito.Mockito.mock(Mockito.java:2151)
	at org.mockito.Mockito.mock(Mockito.java:2066)
	at culturarte.logica.controladores.UsuarioControllerTest.setUp(UsuarioControllerTest.java:40)
	at java.base/java.lang.reflect.Method.invoke(Method.java:565)
	at java.base/java.util.ArrayList.forEach(ArrayList.java:1604)
	at java.base/java.util.ArrayList.forEach(ArrayList.java:1604)
	Suppressed: java.lang.NullPointerException: Cannot invoke "org.mockito.MockedStatic.close()" because "this.propuestaManejadorStatic" is null
		at culturarte.logica.controladores.UsuarioControllerTest.tearDown(UsuarioControllerTest.java:52)
		... 3 more
Caused by: java.lang.IllegalStateException: Internal problem occurred, please report it. Mockito is unable to load the default implementation of class that is a part of Mockito distribution. Failed to load interface org.mockito.plugins.MockMaker
	at org.mockito.internal.configuration.plugins.DefaultMockitoPlugins.create(DefaultMockitoPlugins.java:105)
	at org.mockito.internal.configuration.plugins.DefaultMockitoPlugins.getDefaultPlugin(DefaultMockitoPlugins.java:79)
	at org.mockito.internal.configuration.plugins.PluginLoader.loadPlugin(PluginLoader.java:75)
	at org.mockito.internal.configuration.plugins.PluginLoader.loadPlugin(PluginLoader.java:49)
	at org.mockito.internal.configuration.plugins.PluginRegistry.<init>(PluginRegistry.java:29)
	at org.mockito.internal.configuration.plugins.Plugins.<clinit>(Plugins.java:26)
	at org.mockito.internal.MockitoCore.<clinit>(MockitoCore.java:71)
	at org.mockito.Mockito.<clinit>(Mockito.java:1730)
	at culturarte.logica.controladores.PropuestaControllerTest.setUp(PropuestaControllerTest.java:32)
	... 3 more
Caused by: java.lang.reflect.InvocationTargetException
	at java.base/java.lang.reflect.Constructor.newInstanceWithCaller(Constructor.java:499)
	at java.base/java.lang.reflect.Constructor.newInstance(Constructor.java:483)
	at org.mockito.internal.configuration.plugins.DefaultMockitoPlugins.create(DefaultMockitoPlugins.java:103)
	... 11 more
Caused by: org.mockito.exceptions.base.MockitoInitializationException: 
Could not initialize inline Byte Buddy mock maker.

It appears as if your JDK does not supply a working agent attachment mechanism.
Java               : 24
JVM vendor name    : Oracle Corporation
JVM vendor version : 24.0.2+12-54
JVM name           : Java HotSpot(TM) 64-Bit Server VM
JVM version        : 24.0.2+12-54
JVM info           : mixed mode, sharing
OS name            : Windows 11
OS version         : 10.0

	at org.mockito.internal.creation.bytebuddy.InlineDelegateByteBuddyMockMaker.<init>(InlineDelegateByteBuddyMockMaker.java:273)
	at org.mockito.internal.creation.bytebuddy.InlineByteBuddyMockMaker.<init>(InlineByteBuddyMockMaker.java:23)
	... 14 more
Caused by: java.lang.IllegalStateException: Failed to resolve the class file version of the current VM: Unknown Java version: 0
	at net.bytebuddy.ClassFileVersion$VersionLocator$Unresolved.resolve(ClassFileVersion.java:667)
	at net.bytebuddy.ClassFileVersion.ofThisVm(ClassFileVersion.java:349)
	at org.mockito.internal.creation.bytebuddy.InlineDelegateByteBuddyMockMaker.<clinit>(InlineDelegateByteBuddyMockMaker.java:142)
	... 15 more

culturarte.logica.controladores.UsuarioControllerTest.marcarPropuestaFavorita_DatosValidos_MarcaCorrectamente -- Time elapsed: 0.007 s <<< ERROR!
java.lang.IllegalStateException: Could not initialize plugin: interface org.mockito.plugins.MockMaker (alternate: null)
	at org.mockito.internal.configuration.plugins.PluginLoader$1.invoke(PluginLoader.java:85)
	at jdk.proxy2/jdk.proxy2.$Proxy11.isTypeMockable(Unknown Source)
	at org.mockito.internal.util.MockUtil.typeMockabilityOf(MockUtil.java:78)
	at org.mockito.internal.util.MockCreationValidator.validateType(MockCreationValidator.java:22)
	at org.mockito.internal.creation.MockSettingsImpl.validatedSettings(MockSettingsImpl.java:275)
	at org.mockito.internal.creation.MockSettingsImpl.build(MockSettingsImpl.java:236)
	at org.mockito.internal.MockitoCore.mock(MockitoCore.java:82)
	at org.mockito.Mockito.mock(Mockito.java:2151)
	at org.mockito.Mockito.mock(Mockito.java:2066)
	at culturarte.logica.controladores.UsuarioControllerTest.setUp(UsuarioControllerTest.java:40)
	at java.base/java.lang.reflect.Method.invoke(Method.java:565)
	at java.base/java.util.ArrayList.forEach(ArrayList.java:1604)
	at java.base/java.util.ArrayList.forEach(ArrayList.java:1604)
	Suppressed: java.lang.NullPointerException: Cannot invoke "org.mockito.MockedStatic.close()" because "this.propuestaManejadorStatic" is null
		at culturarte.logica.controladores.UsuarioControllerTest.tearDown(UsuarioControllerTest.java:52)
		... 3 more
Caused by: java.lang.IllegalStateException: Internal problem occurred, please report it. Mockito is unable to load the default implementation of class that is a part of Mockito distribution. Failed to load interface org.mockito.plugins.MockMaker
	at org.mockito.internal.configuration.plugins.DefaultMockitoPlugins.create(DefaultMockitoPlugins.java:105)
	at org.mockito.internal.configuration.plugins.DefaultMockitoPlugins.getDefaultPlugin(DefaultMockitoPlugins.java:79)
	at org.mockito.internal.configuration.plugins.PluginLoader.loadPlugin(PluginLoader.java:75)
	at org.mockito.internal.configuration.plugins.PluginLoader.loadPlugin(PluginLoader.java:49)
	at org.mockito.internal.configuration.plugins.PluginRegistry.<init>(PluginRegistry.java:29)
	at org.mockito.internal.configuration.plugins.Plugins.<clinit>(Plugins.java:26)
	at org.mockito.internal.MockitoCore.<clinit>(MockitoCore.java:71)
	at org.mockito.Mockito.<clinit>(Mockito.java:1730)
	at culturarte.logica.controladores.PropuestaControllerTest.setUp(PropuestaControllerTest.java:32)
	... 3 more
Caused by: java.lang.reflect.InvocationTargetException
	at java.base/java.lang.reflect.Constructor.newInstanceWithCaller(Constructor.java:499)
	at java.base/java.lang.reflect.Constructor.newInstance(Constructor.java:483)
	at org.mockito.internal.configuration.plugins.DefaultMockitoPlugins.create(DefaultMockitoPlugins.java:103)
	... 11 more
Caused by: org.mockito.exceptions.base.MockitoInitializationException: 
Could not initialize inline Byte Buddy mock maker.

It appears as if your JDK does not supply a working agent attachment mechanism.
Java               : 24
JVM vendor name    : Oracle Corporation
JVM vendor version : 24.0.2+12-54
JVM name           : Java HotSpot(TM) 64-Bit Server VM
JVM version        : 24.0.2+12-54
JVM info           : mixed mode, sharing
OS name            : Windows 11
OS version         : 10.0

	at org.mockito.internal.creation.bytebuddy.InlineDelegateByteBuddyMockMaker.<init>(InlineDelegateByteBuddyMockMaker.java:273)
	at org.mockito.internal.creation.bytebuddy.InlineByteBuddyMockMaker.<init>(InlineByteBuddyMockMaker.java:23)
	... 14 more
Caused by: java.lang.IllegalStateException: Failed to resolve the class file version of the current VM: Unknown Java version: 0
	at net.bytebuddy.ClassFileVersion$VersionLocator$Unresolved.resolve(ClassFileVersion.java:667)
	at net.bytebuddy.ClassFileVersion.ofThisVm(ClassFileVersion.java:349)
	at org.mockito.internal.creation.bytebuddy.InlineDelegateByteBuddyMockMaker.<clinit>(InlineDelegateByteBuddyMockMaker.java:142)
	... 15 more

culturarte.logica.controladores.UsuarioControllerTest.crearUsuario_NicknameYaExiste_LanzaExcepcion -- Time elapsed: 0.005 s <<< ERROR!
java.lang.IllegalStateException: Could not initialize plugin: interface org.mockito.plugins.MockMaker (alternate: null)
	at org.mockito.internal.configuration.plugins.PluginLoader$1.invoke(PluginLoader.java:85)
	at jdk.proxy2/jdk.proxy2.$Proxy11.isTypeMockable(Unknown Source)
	at org.mockito.internal.util.MockUtil.typeMockabilityOf(MockUtil.java:78)
	at org.mockito.internal.util.MockCreationValidator.validateType(MockCreationValidator.java:22)
	at org.mockito.internal.creation.MockSettingsImpl.validatedSettings(MockSettingsImpl.java:275)
	at org.mockito.internal.creation.MockSettingsImpl.build(MockSettingsImpl.java:236)
	at org.mockito.internal.MockitoCore.mock(MockitoCore.java:82)
	at org.mockito.Mockito.mock(Mockito.java:2151)
	at org.mockito.Mockito.mock(Mockito.java:2066)
	at culturarte.logica.controladores.UsuarioControllerTest.setUp(UsuarioControllerTest.java:40)
	at java.base/java.lang.reflect.Method.invoke(Method.java:565)
	at java.base/java.util.ArrayList.forEach(ArrayList.java:1604)
	at java.base/java.util.ArrayList.forEach(ArrayList.java:1604)
	Suppressed: java.lang.NullPointerException: Cannot invoke "org.mockito.MockedStatic.close()" because "this.propuestaManejadorStatic" is null
		at culturarte.logica.controladores.UsuarioControllerTest.tearDown(UsuarioControllerTest.java:52)
		... 3 more
Caused by: java.lang.IllegalStateException: Internal problem occurred, please report it. Mockito is unable to load the default implementation of class that is a part of Mockito distribution. Failed to load interface org.mockito.plugins.MockMaker
	at org.mockito.internal.configuration.plugins.DefaultMockitoPlugins.create(DefaultMockitoPlugins.java:105)
	at org.mockito.internal.configuration.plugins.DefaultMockitoPlugins.getDefaultPlugin(DefaultMockitoPlugins.java:79)
	at org.mockito.internal.configuration.plugins.PluginLoader.loadPlugin(PluginLoader.java:75)
	at org.mockito.internal.configuration.plugins.PluginLoader.loadPlugin(PluginLoader.java:49)
	at org.mockito.internal.configuration.plugins.PluginRegistry.<init>(PluginRegistry.java:29)
	at org.mockito.internal.configuration.plugins.Plugins.<clinit>(Plugins.java:26)
	at org.mockito.internal.MockitoCore.<clinit>(MockitoCore.java:71)
	at org.mockito.Mockito.<clinit>(Mockito.java:1730)
	at culturarte.logica.controladores.PropuestaControllerTest.setUp(PropuestaControllerTest.java:32)
	... 3 more
Caused by: java.lang.reflect.InvocationTargetException
	at java.base/java.lang.reflect.Constructor.newInstanceWithCaller(Constructor.java:499)
	at java.base/java.lang.reflect.Constructor.newInstance(Constructor.java:483)
	at org.mockito.internal.configuration.plugins.DefaultMockitoPlugins.create(DefaultMockitoPlugins.java:103)
	... 11 more
Caused by: org.mockito.exceptions.base.MockitoInitializationException: 
Could not initialize inline Byte Buddy mock maker.

It appears as if your JDK does not supply a working agent attachment mechanism.
Java               : 24
JVM vendor name    : Oracle Corporation
JVM vendor version : 24.0.2+12-54
JVM name           : Java HotSpot(TM) 64-Bit Server VM
JVM version        : 24.0.2+12-54
JVM info           : mixed mode, sharing
OS name            : Windows 11
OS version         : 10.0

	at org.mockito.internal.creation.bytebuddy.InlineDelegateByteBuddyMockMaker.<init>(InlineDelegateByteBuddyMockMaker.java:273)
	at org.mockito.internal.creation.bytebuddy.InlineByteBuddyMockMaker.<init>(InlineByteBuddyMockMaker.java:23)
	... 14 more
Caused by: java.lang.IllegalStateException: Failed to resolve the class file version of the current VM: Unknown Java version: 0
	at net.bytebuddy.ClassFileVersion$VersionLocator$Unresolved.resolve(ClassFileVersion.java:667)
	at net.bytebuddy.ClassFileVersion.ofThisVm(ClassFileVersion.java:349)
	at org.mockito.internal.creation.bytebuddy.InlineDelegateByteBuddyMockMaker.<clinit>(InlineDelegateByteBuddyMockMaker.java:142)
	... 15 more

culturarte.logica.controladores.UsuarioControllerTest.marcarPropuestaFavorita_YaMarcada_LanzaExcepcion -- Time elapsed: 0.005 s <<< ERROR!
java.lang.IllegalStateException: Could not initialize plugin: interface org.mockito.plugins.MockMaker (alternate: null)
	at org.mockito.internal.configuration.plugins.PluginLoader$1.invoke(PluginLoader.java:85)
	at jdk.proxy2/jdk.proxy2.$Proxy11.isTypeMockable(Unknown Source)
	at org.mockito.internal.util.MockUtil.typeMockabilityOf(MockUtil.java:78)
	at org.mockito.internal.util.MockCreationValidator.validateType(MockCreationValidator.java:22)
	at org.mockito.internal.creation.MockSettingsImpl.validatedSettings(MockSettingsImpl.java:275)
	at org.mockito.internal.creation.MockSettingsImpl.build(MockSettingsImpl.java:236)
	at org.mockito.internal.MockitoCore.mock(MockitoCore.java:82)
	at org.mockito.Mockito.mock(Mockito.java:2151)
	at org.mockito.Mockito.mock(Mockito.java:2066)
	at culturarte.logica.controladores.UsuarioControllerTest.setUp(UsuarioControllerTest.java:40)
	at java.base/java.lang.reflect.Method.invoke(Method.java:565)
	at java.base/java.util.ArrayList.forEach(ArrayList.java:1604)
	at java.base/java.util.ArrayList.forEach(ArrayList.java:1604)
	Suppressed: java.lang.NullPointerException: Cannot invoke "org.mockito.MockedStatic.close()" because "this.propuestaManejadorStatic" is null
		at culturarte.logica.controladores.UsuarioControllerTest.tearDown(UsuarioControllerTest.java:52)
		... 3 more
Caused by: java.lang.IllegalStateException: Internal problem occurred, please report it. Mockito is unable to load the default implementation of class that is a part of Mockito distribution. Failed to load interface org.mockito.plugins.MockMaker
	at org.mockito.internal.configuration.plugins.DefaultMockitoPlugins.create(DefaultMockitoPlugins.java:105)
	at org.mockito.internal.configuration.plugins.DefaultMockitoPlugins.getDefaultPlugin(DefaultMockitoPlugins.java:79)
	at org.mockito.internal.configuration.plugins.PluginLoader.loadPlugin(PluginLoader.java:75)
	at org.mockito.internal.configuration.plugins.PluginLoader.loadPlugin(PluginLoader.java:49)
	at org.mockito.internal.configuration.plugins.PluginRegistry.<init>(PluginRegistry.java:29)
	at org.mockito.internal.configuration.plugins.Plugins.<clinit>(Plugins.java:26)
	at org.mockito.internal.MockitoCore.<clinit>(MockitoCore.java:71)
	at org.mockito.Mockito.<clinit>(Mockito.java:1730)
	at culturarte.logica.controladores.PropuestaControllerTest.setUp(PropuestaControllerTest.java:32)
	... 3 more
Caused by: java.lang.reflect.InvocationTargetException
	at java.base/java.lang.reflect.Constructor.newInstanceWithCaller(Constructor.java:499)
	at java.base/java.lang.reflect.Constructor.newInstance(Constructor.java:483)
	at org.mockito.internal.configuration.plugins.DefaultMockitoPlugins.create(DefaultMockitoPlugins.java:103)
	... 11 more
Caused by: org.mockito.exceptions.base.MockitoInitializationException: 
Could not initialize inline Byte Buddy mock maker.

It appears as if your JDK does not supply a working agent attachment mechanism.
Java               : 24
JVM vendor name    : Oracle Corporation
JVM vendor version : 24.0.2+12-54
JVM name           : Java HotSpot(TM) 64-Bit Server VM
JVM version        : 24.0.2+12-54
JVM info           : mixed mode, sharing
OS name            : Windows 11
OS version         : 10.0

	at org.mockito.internal.creation.bytebuddy.InlineDelegateByteBuddyMockMaker.<init>(InlineDelegateByteBuddyMockMaker.java:273)
	at org.mockito.internal.creation.bytebuddy.InlineByteBuddyMockMaker.<init>(InlineByteBuddyMockMaker.java:23)
	... 14 more
Caused by: java.lang.IllegalStateException: Failed to resolve the class file version of the current VM: Unknown Java version: 0
	at net.bytebuddy.ClassFileVersion$VersionLocator$Unresolved.resolve(ClassFileVersion.java:667)
	at net.bytebuddy.ClassFileVersion.ofThisVm(ClassFileVersion.java:349)
	at org.mockito.internal.creation.bytebuddy.InlineDelegateByteBuddyMockMaker.<clinit>(InlineDelegateByteBuddyMockMaker.java:142)
	... 15 more

culturarte.logica.controladores.UsuarioControllerTest.seguirUsuario_UsuariosNoExisten_LanzaExcepcion -- Time elapsed: 0.007 s <<< ERROR!
java.lang.IllegalStateException: Could not initialize plugin: interface org.mockito.plugins.MockMaker (alternate: null)
	at org.mockito.internal.configuration.plugins.PluginLoader$1.invoke(PluginLoader.java:85)
	at jdk.proxy2/jdk.proxy2.$Proxy11.isTypeMockable(Unknown Source)
	at org.mockito.internal.util.MockUtil.typeMockabilityOf(MockUtil.java:78)
	at org.mockito.internal.util.MockCreationValidator.validateType(MockCreationValidator.java:22)
	at org.mockito.internal.creation.MockSettingsImpl.validatedSettings(MockSettingsImpl.java:275)
	at org.mockito.internal.creation.MockSettingsImpl.build(MockSettingsImpl.java:236)
	at org.mockito.internal.MockitoCore.mock(MockitoCore.java:82)
	at org.mockito.Mockito.mock(Mockito.java:2151)
	at org.mockito.Mockito.mock(Mockito.java:2066)
	at culturarte.logica.controladores.UsuarioControllerTest.setUp(UsuarioControllerTest.java:40)
	at java.base/java.lang.reflect.Method.invoke(Method.java:565)
	at java.base/java.util.ArrayList.forEach(ArrayList.java:1604)
	at java.base/java.util.ArrayList.forEach(ArrayList.java:1604)
	Suppressed: java.lang.NullPointerException: Cannot invoke "org.mockito.MockedStatic.close()" because "this.propuestaManejadorStatic" is null
		at culturarte.logica.controladores.UsuarioControllerTest.tearDown(UsuarioControllerTest.java:52)
		... 3 more
Caused by: java.lang.IllegalStateException: Internal problem occurred, please report it. Mockito is unable to load the default implementation of class that is a part of Mockito distribution. Failed to load interface org.mockito.plugins.MockMaker
	at org.mockito.internal.configuration.plugins.DefaultMockitoPlugins.create(DefaultMockitoPlugins.java:105)
	at org.mockito.internal.configuration.plugins.DefaultMockitoPlugins.getDefaultPlugin(DefaultMockitoPlugins.java:79)
	at org.mockito.internal.configuration.plugins.PluginLoader.loadPlugin(PluginLoader.java:75)
	at org.mockito.internal.configuration.plugins.PluginLoader.loadPlugin(PluginLoader.java:49)
	at org.mockito.internal.configuration.plugins.PluginRegistry.<init>(PluginRegistry.java:29)
	at org.mockito.internal.configuration.plugins.Plugins.<clinit>(Plugins.java:26)
	at org.mockito.internal.MockitoCore.<clinit>(MockitoCore.java:71)
	at org.mockito.Mockito.<clinit>(Mockito.java:1730)
	at culturarte.logica.controladores.PropuestaControllerTest.setUp(PropuestaControllerTest.java:32)
	... 3 more
Caused by: java.lang.reflect.InvocationTargetException
	at java.base/java.lang.reflect.Constructor.newInstanceWithCaller(Constructor.java:499)
	at java.base/java.lang.reflect.Constructor.newInstance(Constructor.java:483)
	at org.mockito.internal.configuration.plugins.DefaultMockitoPlugins.create(DefaultMockitoPlugins.java:103)
	... 11 more
Caused by: org.mockito.exceptions.base.MockitoInitializationException: 
Could not initialize inline Byte Buddy mock maker.

It appears as if your JDK does not supply a working agent attachment mechanism.
Java               : 24
JVM vendor name    : Oracle Corporation
JVM vendor version : 24.0.2+12-54
JVM name           : Java HotSpot(TM) 64-Bit Server VM
JVM version        : 24.0.2+12-54
JVM info           : mixed mode, sharing
OS name            : Windows 11
OS version         : 10.0

	at org.mockito.internal.creation.bytebuddy.InlineDelegateByteBuddyMockMaker.<init>(InlineDelegateByteBuddyMockMaker.java:273)
	at org.mockito.internal.creation.bytebuddy.InlineByteBuddyMockMaker.<init>(InlineByteBuddyMockMaker.java:23)
	... 14 more
Caused by: java.lang.IllegalStateException: Failed to resolve the class file version of the current VM: Unknown Java version: 0
	at net.bytebuddy.ClassFileVersion$VersionLocator$Unresolved.resolve(ClassFileVersion.java:667)
	at net.bytebuddy.ClassFileVersion.ofThisVm(ClassFileVersion.java:349)
	at org.mockito.internal.creation.bytebuddy.InlineDelegateByteBuddyMockMaker.<clinit>(InlineDelegateByteBuddyMockMaker.java:142)
	... 15 more

culturarte.logica.controladores.UsuarioControllerTest.quitarPropuestaFavorita_DatosValidos_QuitaCorrectamente -- Time elapsed: 0.006 s <<< ERROR!
java.lang.IllegalStateException: Could not initialize plugin: interface org.mockito.plugins.MockMaker (alternate: null)
	at org.mockito.internal.configuration.plugins.PluginLoader$1.invoke(PluginLoader.java:85)
	at jdk.proxy2/jdk.proxy2.$Proxy11.isTypeMockable(Unknown Source)
	at org.mockito.internal.util.MockUtil.typeMockabilityOf(MockUtil.java:78)
	at org.mockito.internal.util.MockCreationValidator.validateType(MockCreationValidator.java:22)
	at org.mockito.internal.creation.MockSettingsImpl.validatedSettings(MockSettingsImpl.java:275)
	at org.mockito.internal.creation.MockSettingsImpl.build(MockSettingsImpl.java:236)
	at org.mockito.internal.MockitoCore.mock(MockitoCore.java:82)
	at org.mockito.Mockito.mock(Mockito.java:2151)
	at org.mockito.Mockito.mock(Mockito.java:2066)
	at culturarte.logica.controladores.UsuarioControllerTest.setUp(UsuarioControllerTest.java:40)
	at java.base/java.lang.reflect.Method.invoke(Method.java:565)
	at java.base/java.util.ArrayList.forEach(ArrayList.java:1604)
	at java.base/java.util.ArrayList.forEach(ArrayList.java:1604)
	Suppressed: java.lang.NullPointerException: Cannot invoke "org.mockito.MockedStatic.close()" because "this.propuestaManejadorStatic" is null
		at culturarte.logica.controladores.UsuarioControllerTest.tearDown(UsuarioControllerTest.java:52)
		... 3 more
Caused by: java.lang.IllegalStateException: Internal problem occurred, please report it. Mockito is unable to load the default implementation of class that is a part of Mockito distribution. Failed to load interface org.mockito.plugins.MockMaker
	at org.mockito.internal.configuration.plugins.DefaultMockitoPlugins.create(DefaultMockitoPlugins.java:105)
	at org.mockito.internal.configuration.plugins.DefaultMockitoPlugins.getDefaultPlugin(DefaultMockitoPlugins.java:79)
	at org.mockito.internal.configuration.plugins.PluginLoader.loadPlugin(PluginLoader.java:75)
	at org.mockito.internal.configuration.plugins.PluginLoader.loadPlugin(PluginLoader.java:49)
	at org.mockito.internal.configuration.plugins.PluginRegistry.<init>(PluginRegistry.java:29)
	at org.mockito.internal.configuration.plugins.Plugins.<clinit>(Plugins.java:26)
	at org.mockito.internal.MockitoCore.<clinit>(MockitoCore.java:71)
	at org.mockito.Mockito.<clinit>(Mockito.java:1730)
	at culturarte.logica.controladores.PropuestaControllerTest.setUp(PropuestaControllerTest.java:32)
	... 3 more
Caused by: java.lang.reflect.InvocationTargetException
	at java.base/java.lang.reflect.Constructor.newInstanceWithCaller(Constructor.java:499)
	at java.base/java.lang.reflect.Constructor.newInstance(Constructor.java:483)
	at org.mockito.internal.configuration.plugins.DefaultMockitoPlugins.create(DefaultMockitoPlugins.java:103)
	... 11 more
Caused by: org.mockito.exceptions.base.MockitoInitializationException: 
Could not initialize inline Byte Buddy mock maker.

It appears as if your JDK does not supply a working agent attachment mechanism.
Java               : 24
JVM vendor name    : Oracle Corporation
JVM vendor version : 24.0.2+12-54
JVM name           : Java HotSpot(TM) 64-Bit Server VM
JVM version        : 24.0.2+12-54
JVM info           : mixed mode, sharing
OS name            : Windows 11
OS version         : 10.0

	at org.mockito.internal.creation.bytebuddy.InlineDelegateByteBuddyMockMaker.<init>(InlineDelegateByteBuddyMockMaker.java:273)
	at org.mockito.internal.creation.bytebuddy.InlineByteBuddyMockMaker.<init>(InlineByteBuddyMockMaker.java:23)
	... 14 more
Caused by: java.lang.IllegalStateException: Failed to resolve the class file version of the current VM: Unknown Java version: 0
	at net.bytebuddy.ClassFileVersion$VersionLocator$Unresolved.resolve(ClassFileVersion.java:667)
	at net.bytebuddy.ClassFileVersion.ofThisVm(ClassFileVersion.java:349)
	at org.mockito.internal.creation.bytebuddy.InlineDelegateByteBuddyMockMaker.<clinit>(InlineDelegateByteBuddyMockMaker.java:142)
	... 15 more

culturarte.logica.controladores.UsuarioControllerTest.seguirUsuario_UsuarioYaSigue_LanzaExcepcion -- Time elapsed: 0.005 s <<< ERROR!
java.lang.IllegalStateException: Could not initialize plugin: interface org.mockito.plugins.MockMaker (alternate: null)
	at org.mockito.internal.configuration.plugins.PluginLoader$1.invoke(PluginLoader.java:85)
	at jdk.proxy2/jdk.proxy2.$Proxy11.isTypeMockable(Unknown Source)
	at org.mockito.internal.util.MockUtil.typeMockabilityOf(MockUtil.java:78)
	at org.mockito.internal.util.MockCreationValidator.validateType(MockCreationValidator.java:22)
	at org.mockito.internal.creation.MockSettingsImpl.validatedSettings(MockSettingsImpl.java:275)
	at org.mockito.internal.creation.MockSettingsImpl.build(MockSettingsImpl.java:236)
	at org.mockito.internal.MockitoCore.mock(MockitoCore.java:82)
	at org.mockito.Mockito.mock(Mockito.java:2151)
	at org.mockito.Mockito.mock(Mockito.java:2066)
	at culturarte.logica.controladores.UsuarioControllerTest.setUp(UsuarioControllerTest.java:40)
	at java.base/java.lang.reflect.Method.invoke(Method.java:565)
	at java.base/java.util.ArrayList.forEach(ArrayList.java:1604)
	at java.base/java.util.ArrayList.forEach(ArrayList.java:1604)
	Suppressed: java.lang.NullPointerException: Cannot invoke "org.mockito.MockedStatic.close()" because "this.propuestaManejadorStatic" is null
		at culturarte.logica.controladores.UsuarioControllerTest.tearDown(UsuarioControllerTest.java:52)
		... 3 more
Caused by: java.lang.IllegalStateException: Internal problem occurred, please report it. Mockito is unable to load the default implementation of class that is a part of Mockito distribution. Failed to load interface org.mockito.plugins.MockMaker
	at org.mockito.internal.configuration.plugins.DefaultMockitoPlugins.create(DefaultMockitoPlugins.java:105)
	at org.mockito.internal.configuration.plugins.DefaultMockitoPlugins.getDefaultPlugin(DefaultMockitoPlugins.java:79)
	at org.mockito.internal.configuration.plugins.PluginLoader.loadPlugin(PluginLoader.java:75)
	at org.mockito.internal.configuration.plugins.PluginLoader.loadPlugin(PluginLoader.java:49)
	at org.mockito.internal.configuration.plugins.PluginRegistry.<init>(PluginRegistry.java:29)
	at org.mockito.internal.configuration.plugins.Plugins.<clinit>(Plugins.java:26)
	at org.mockito.internal.MockitoCore.<clinit>(MockitoCore.java:71)
	at org.mockito.Mockito.<clinit>(Mockito.java:1730)
	at culturarte.logica.controladores.PropuestaControllerTest.setUp(PropuestaControllerTest.java:32)
	... 3 more
Caused by: java.lang.reflect.InvocationTargetException
	at java.base/java.lang.reflect.Constructor.newInstanceWithCaller(Constructor.java:499)
	at java.base/java.lang.reflect.Constructor.newInstance(Constructor.java:483)
	at org.mockito.internal.configuration.plugins.DefaultMockitoPlugins.create(DefaultMockitoPlugins.java:103)
	... 11 more
Caused by: org.mockito.exceptions.base.MockitoInitializationException: 
Could not initialize inline Byte Buddy mock maker.

It appears as if your JDK does not supply a working agent attachment mechanism.
Java               : 24
JVM vendor name    : Oracle Corporation
JVM vendor version : 24.0.2+12-54
JVM name           : Java HotSpot(TM) 64-Bit Server VM
JVM version        : 24.0.2+12-54
JVM info           : mixed mode, sharing
OS name            : Windows 11
OS version         : 10.0

	at org.mockito.internal.creation.bytebuddy.InlineDelegateByteBuddyMockMaker.<init>(InlineDelegateByteBuddyMockMaker.java:273)
	at org.mockito.internal.creation.bytebuddy.InlineByteBuddyMockMaker.<init>(InlineByteBuddyMockMaker.java:23)
	... 14 more
Caused by: java.lang.IllegalStateException: Failed to resolve the class file version of the current VM: Unknown Java version: 0
	at net.bytebuddy.ClassFileVersion$VersionLocator$Unresolved.resolve(ClassFileVersion.java:667)
	at net.bytebuddy.ClassFileVersion.ofThisVm(ClassFileVersion.java:349)
	at org.mockito.internal.creation.bytebuddy.InlineDelegateByteBuddyMockMaker.<clinit>(InlineDelegateByteBuddyMockMaker.java:142)
	... 15 more

culturarte.logica.controladores.UsuarioControllerTest.devolverColaboradorPorNickname_DatosValidos_RetornaCorrectamente -- Time elapsed: 0.004 s <<< ERROR!
java.lang.IllegalStateException: Could not initialize plugin: interface org.mockito.plugins.MockMaker (alternate: null)
	at org.mockito.internal.configuration.plugins.PluginLoader$1.invoke(PluginLoader.java:85)
	at jdk.proxy2/jdk.proxy2.$Proxy11.isTypeMockable(Unknown Source)
	at org.mockito.internal.util.MockUtil.typeMockabilityOf(MockUtil.java:78)
	at org.mockito.internal.util.MockCreationValidator.validateType(MockCreationValidator.java:22)
	at org.mockito.internal.creation.MockSettingsImpl.validatedSettings(MockSettingsImpl.java:275)
	at org.mockito.internal.creation.MockSettingsImpl.build(MockSettingsImpl.java:236)
	at org.mockito.internal.MockitoCore.mock(MockitoCore.java:82)
	at org.mockito.Mockito.mock(Mockito.java:2151)
	at org.mockito.Mockito.mock(Mockito.java:2066)
	at culturarte.logica.controladores.UsuarioControllerTest.setUp(UsuarioControllerTest.java:40)
	at java.base/java.lang.reflect.Method.invoke(Method.java:565)
	at java.base/java.util.ArrayList.forEach(ArrayList.java:1604)
	at java.base/java.util.ArrayList.forEach(ArrayList.java:1604)
	Suppressed: java.lang.NullPointerException: Cannot invoke "org.mockito.MockedStatic.close()" because "this.propuestaManejadorStatic" is null
		at culturarte.logica.controladores.UsuarioControllerTest.tearDown(UsuarioControllerTest.java:52)
		... 3 more
Caused by: java.lang.IllegalStateException: Internal problem occurred, please report it. Mockito is unable to load the default implementation of class that is a part of Mockito distribution. Failed to load interface org.mockito.plugins.MockMaker
	at org.mockito.internal.configuration.plugins.DefaultMockitoPlugins.create(DefaultMockitoPlugins.java:105)
	at org.mockito.internal.configuration.plugins.DefaultMockitoPlugins.getDefaultPlugin(DefaultMockitoPlugins.java:79)
	at org.mockito.internal.configuration.plugins.PluginLoader.loadPlugin(PluginLoader.java:75)
	at org.mockito.internal.configuration.plugins.PluginLoader.loadPlugin(PluginLoader.java:49)
	at org.mockito.internal.configuration.plugins.PluginRegistry.<init>(PluginRegistry.java:29)
	at org.mockito.internal.configuration.plugins.Plugins.<clinit>(Plugins.java:26)
	at org.mockito.internal.MockitoCore.<clinit>(MockitoCore.java:71)
	at org.mockito.Mockito.<clinit>(Mockito.java:1730)
	at culturarte.logica.controladores.PropuestaControllerTest.setUp(PropuestaControllerTest.java:32)
	... 3 more
Caused by: java.lang.reflect.InvocationTargetException
	at java.base/java.lang.reflect.Constructor.newInstanceWithCaller(Constructor.java:499)
	at java.base/java.lang.reflect.Constructor.newInstance(Constructor.java:483)
	at org.mockito.internal.configuration.plugins.DefaultMockitoPlugins.create(DefaultMockitoPlugins.java:103)
	... 11 more
Caused by: org.mockito.exceptions.base.MockitoInitializationException: 
Could not initialize inline Byte Buddy mock maker.

It appears as if your JDK does not supply a working agent attachment mechanism.
Java               : 24
JVM vendor name    : Oracle Corporation
JVM vendor version : 24.0.2+12-54
JVM name           : Java HotSpot(TM) 64-Bit Server VM
JVM version        : 24.0.2+12-54
JVM info           : mixed mode, sharing
OS name            : Windows 11
OS version         : 10.0

	at org.mockito.internal.creation.bytebuddy.InlineDelegateByteBuddyMockMaker.<init>(InlineDelegateByteBuddyMockMaker.java:273)
	at org.mockito.internal.creation.bytebuddy.InlineByteBuddyMockMaker.<init>(InlineByteBuddyMockMaker.java:23)
	... 14 more
Caused by: java.lang.IllegalStateException: Failed to resolve the class file version of the current VM: Unknown Java version: 0
	at net.bytebuddy.ClassFileVersion$VersionLocator$Unresolved.resolve(ClassFileVersion.java:667)
	at net.bytebuddy.ClassFileVersion.ofThisVm(ClassFileVersion.java:349)
	at org.mockito.internal.creation.bytebuddy.InlineDelegateByteBuddyMockMaker.<clinit>(InlineDelegateByteBuddyMockMaker.java:142)
	... 15 more

culturarte.logica.controladores.UsuarioControllerTest.quitarPropuestaFavorita_UsuarioNoExiste_LanzaExcepcion -- Time elapsed: 0.005 s <<< ERROR!
java.lang.IllegalStateException: Could not initialize plugin: interface org.mockito.plugins.MockMaker (alternate: null)
	at org.mockito.internal.configuration.plugins.PluginLoader$1.invoke(PluginLoader.java:85)
	at jdk.proxy2/jdk.proxy2.$Proxy11.isTypeMockable(Unknown Source)
	at org.mockito.internal.util.MockUtil.typeMockabilityOf(MockUtil.java:78)
	at org.mockito.internal.util.MockCreationValidator.validateType(MockCreationValidator.java:22)
	at org.mockito.internal.creation.MockSettingsImpl.validatedSettings(MockSettingsImpl.java:275)
	at org.mockito.internal.creation.MockSettingsImpl.build(MockSettingsImpl.java:236)
	at org.mockito.internal.MockitoCore.mock(MockitoCore.java:82)
	at org.mockito.Mockito.mock(Mockito.java:2151)
	at org.mockito.Mockito.mock(Mockito.java:2066)
	at culturarte.logica.controladores.UsuarioControllerTest.setUp(UsuarioControllerTest.java:40)
	at java.base/java.lang.reflect.Method.invoke(Method.java:565)
	at java.base/java.util.ArrayList.forEach(ArrayList.java:1604)
	at java.base/java.util.ArrayList.forEach(ArrayList.java:1604)
	Suppressed: java.lang.NullPointerException: Cannot invoke "org.mockito.MockedStatic.close()" because "this.propuestaManejadorStatic" is null
		at culturarte.logica.controladores.UsuarioControllerTest.tearDown(UsuarioControllerTest.java:52)
		... 3 more
Caused by: java.lang.IllegalStateException: Internal problem occurred, please report it. Mockito is unable to load the default implementation of class that is a part of Mockito distribution. Failed to load interface org.mockito.plugins.MockMaker
	at org.mockito.internal.configuration.plugins.DefaultMockitoPlugins.create(DefaultMockitoPlugins.java:105)
	at org.mockito.internal.configuration.plugins.DefaultMockitoPlugins.getDefaultPlugin(DefaultMockitoPlugins.java:79)
	at org.mockito.internal.configuration.plugins.PluginLoader.loadPlugin(PluginLoader.java:75)
	at org.mockito.internal.configuration.plugins.PluginLoader.loadPlugin(PluginLoader.java:49)
	at org.mockito.internal.configuration.plugins.PluginRegistry.<init>(PluginRegistry.java:29)
	at org.mockito.internal.configuration.plugins.Plugins.<clinit>(Plugins.java:26)
	at org.mockito.internal.MockitoCore.<clinit>(MockitoCore.java:71)
	at org.mockito.Mockito.<clinit>(Mockito.java:1730)
	at culturarte.logica.controladores.PropuestaControllerTest.setUp(PropuestaControllerTest.java:32)
	... 3 more
Caused by: java.lang.reflect.InvocationTargetException
	at java.base/java.lang.reflect.Constructor.newInstanceWithCaller(Constructor.java:499)
	at java.base/java.lang.reflect.Constructor.newInstance(Constructor.java:483)
	at org.mockito.internal.configuration.plugins.DefaultMockitoPlugins.create(DefaultMockitoPlugins.java:103)
	... 11 more
Caused by: org.mockito.exceptions.base.MockitoInitializationException: 
Could not initialize inline Byte Buddy mock maker.

It appears as if your JDK does not supply a working agent attachment mechanism.
Java               : 24
JVM vendor name    : Oracle Corporation
JVM vendor version : 24.0.2+12-54
JVM name           : Java HotSpot(TM) 64-Bit Server VM
JVM version        : 24.0.2+12-54
JVM info           : mixed mode, sharing
OS name            : Windows 11
OS version         : 10.0

	at org.mockito.internal.creation.bytebuddy.InlineDelegateByteBuddyMockMaker.<init>(InlineDelegateByteBuddyMockMaker.java:273)
	at org.mockito.internal.creation.bytebuddy.InlineByteBuddyMockMaker.<init>(InlineByteBuddyMockMaker.java:23)
	... 14 more
Caused by: java.lang.IllegalStateException: Failed to resolve the class file version of the current VM: Unknown Java version: 0
	at net.bytebuddy.ClassFileVersion$VersionLocator$Unresolved.resolve(ClassFileVersion.java:667)
	at net.bytebuddy.ClassFileVersion.ofThisVm(ClassFileVersion.java:349)
	at org.mockito.internal.creation.bytebuddy.InlineDelegateByteBuddyMockMaker.<clinit>(InlineDelegateByteBuddyMockMaker.java:142)
	... 15 more

culturarte.logica.controladores.UsuarioControllerTest.crearUsuario_CorreoYaExiste_LanzaExcepcion -- Time elapsed: 0.004 s <<< ERROR!
java.lang.IllegalStateException: Could not initialize plugin: interface org.mockito.plugins.MockMaker (alternate: null)
	at org.mockito.internal.configuration.plugins.PluginLoader$1.invoke(PluginLoader.java:85)
	at jdk.proxy2/jdk.proxy2.$Proxy11.isTypeMockable(Unknown Source)
	at org.mockito.internal.util.MockUtil.typeMockabilityOf(MockUtil.java:78)
	at org.mockito.internal.util.MockCreationValidator.validateType(MockCreationValidator.java:22)
	at org.mockito.internal.creation.MockSettingsImpl.validatedSettings(MockSettingsImpl.java:275)
	at org.mockito.internal.creation.MockSettingsImpl.build(MockSettingsImpl.java:236)
	at org.mockito.internal.MockitoCore.mock(MockitoCore.java:82)
	at org.mockito.Mockito.mock(Mockito.java:2151)
	at org.mockito.Mockito.mock(Mockito.java:2066)
	at culturarte.logica.controladores.UsuarioControllerTest.setUp(UsuarioControllerTest.java:40)
	at java.base/java.lang.reflect.Method.invoke(Method.java:565)
	at java.base/java.util.ArrayList.forEach(ArrayList.java:1604)
	at java.base/java.util.ArrayList.forEach(ArrayList.java:1604)
	Suppressed: java.lang.NullPointerException: Cannot invoke "org.mockito.MockedStatic.close()" because "this.propuestaManejadorStatic" is null
		at culturarte.logica.controladores.UsuarioControllerTest.tearDown(UsuarioControllerTest.java:52)
		... 3 more
Caused by: java.lang.IllegalStateException: Internal problem occurred, please report it. Mockito is unable to load the default implementation of class that is a part of Mockito distribution. Failed to load interface org.mockito.plugins.MockMaker
	at org.mockito.internal.configuration.plugins.DefaultMockitoPlugins.create(DefaultMockitoPlugins.java:105)
	at org.mockito.internal.configuration.plugins.DefaultMockitoPlugins.getDefaultPlugin(DefaultMockitoPlugins.java:79)
	at org.mockito.internal.configuration.plugins.PluginLoader.loadPlugin(PluginLoader.java:75)
	at org.mockito.internal.configuration.plugins.PluginLoader.loadPlugin(PluginLoader.java:49)
	at org.mockito.internal.configuration.plugins.PluginRegistry.<init>(PluginRegistry.java:29)
	at org.mockito.internal.configuration.plugins.Plugins.<clinit>(Plugins.java:26)
	at org.mockito.internal.MockitoCore.<clinit>(MockitoCore.java:71)
	at org.mockito.Mockito.<clinit>(Mockito.java:1730)
	at culturarte.logica.controladores.PropuestaControllerTest.setUp(PropuestaControllerTest.java:32)
	... 3 more
Caused by: java.lang.reflect.InvocationTargetException
	at java.base/java.lang.reflect.Constructor.newInstanceWithCaller(Constructor.java:499)
	at java.base/java.lang.reflect.Constructor.newInstance(Constructor.java:483)
	at org.mockito.internal.configuration.plugins.DefaultMockitoPlugins.create(DefaultMockitoPlugins.java:103)
	... 11 more
Caused by: org.mockito.exceptions.base.MockitoInitializationException: 
Could not initialize inline Byte Buddy mock maker.

It appears as if your JDK does not supply a working agent attachment mechanism.
Java               : 24
JVM vendor name    : Oracle Corporation
JVM vendor version : 24.0.2+12-54
JVM name           : Java HotSpot(TM) 64-Bit Server VM
JVM version        : 24.0.2+12-54
JVM info           : mixed mode, sharing
OS name            : Windows 11
OS version         : 10.0

	at org.mockito.internal.creation.bytebuddy.InlineDelegateByteBuddyMockMaker.<init>(InlineDelegateByteBuddyMockMaker.java:273)
	at org.mockito.internal.creation.bytebuddy.InlineByteBuddyMockMaker.<init>(InlineByteBuddyMockMaker.java:23)
	... 14 more
Caused by: java.lang.IllegalStateException: Failed to resolve the class file version of the current VM: Unknown Java version: 0
	at net.bytebuddy.ClassFileVersion$VersionLocator$Unresolved.resolve(ClassFileVersion.java:667)
	at net.bytebuddy.ClassFileVersion.ofThisVm(ClassFileVersion.java:349)
	at org.mockito.internal.creation.bytebuddy.InlineDelegateByteBuddyMockMaker.<clinit>(InlineDelegateByteBuddyMockMaker.java:142)
	... 15 more

culturarte.logica.controladores.UsuarioControllerTest.dejarDeSeguirUsuario_UsuariosNulos_LanzaExcepcion -- Time elapsed: 0.006 s <<< ERROR!
java.lang.IllegalStateException: Could not initialize plugin: interface org.mockito.plugins.MockMaker (alternate: null)
	at org.mockito.internal.configuration.plugins.PluginLoader$1.invoke(PluginLoader.java:85)
	at jdk.proxy2/jdk.proxy2.$Proxy11.isTypeMockable(Unknown Source)
	at org.mockito.internal.util.MockUtil.typeMockabilityOf(MockUtil.java:78)
	at org.mockito.internal.util.MockCreationValidator.validateType(MockCreationValidator.java:22)
	at org.mockito.internal.creation.MockSettingsImpl.validatedSettings(MockSettingsImpl.java:275)
	at org.mockito.internal.creation.MockSettingsImpl.build(MockSettingsImpl.java:236)
	at org.mockito.internal.MockitoCore.mock(MockitoCore.java:82)
	at org.mockito.Mockito.mock(Mockito.java:2151)
	at org.mockito.Mockito.mock(Mockito.java:2066)
	at culturarte.logica.controladores.UsuarioControllerTest.setUp(UsuarioControllerTest.java:40)
	at java.base/java.lang.reflect.Method.invoke(Method.java:565)
	at java.base/java.util.ArrayList.forEach(ArrayList.java:1604)
	at java.base/java.util.ArrayList.forEach(ArrayList.java:1604)
	Suppressed: java.lang.NullPointerException: Cannot invoke "org.mockito.MockedStatic.close()" because "this.propuestaManejadorStatic" is null
		at culturarte.logica.controladores.UsuarioControllerTest.tearDown(UsuarioControllerTest.java:52)
		... 3 more
Caused by: java.lang.IllegalStateException: Internal problem occurred, please report it. Mockito is unable to load the default implementation of class that is a part of Mockito distribution. Failed to load interface org.mockito.plugins.MockMaker
	at org.mockito.internal.configuration.plugins.DefaultMockitoPlugins.create(DefaultMockitoPlugins.java:105)
	at org.mockito.internal.configuration.plugins.DefaultMockitoPlugins.getDefaultPlugin(DefaultMockitoPlugins.java:79)
	at org.mockito.internal.configuration.plugins.PluginLoader.loadPlugin(PluginLoader.java:75)
	at org.mockito.internal.configuration.plugins.PluginLoader.loadPlugin(PluginLoader.java:49)
	at org.mockito.internal.configuration.plugins.PluginRegistry.<init>(PluginRegistry.java:29)
	at org.mockito.internal.configuration.plugins.Plugins.<clinit>(Plugins.java:26)
	at org.mockito.internal.MockitoCore.<clinit>(MockitoCore.java:71)
	at org.mockito.Mockito.<clinit>(Mockito.java:1730)
	at culturarte.logica.controladores.PropuestaControllerTest.setUp(PropuestaControllerTest.java:32)
	... 3 more
Caused by: java.lang.reflect.InvocationTargetException
	at java.base/java.lang.reflect.Constructor.newInstanceWithCaller(Constructor.java:499)
	at java.base/java.lang.reflect.Constructor.newInstance(Constructor.java:483)
	at org.mockito.internal.configuration.plugins.DefaultMockitoPlugins.create(DefaultMockitoPlugins.java:103)
	... 11 more
Caused by: org.mockito.exceptions.base.MockitoInitializationException: 
Could not initialize inline Byte Buddy mock maker.

It appears as if your JDK does not supply a working agent attachment mechanism.
Java               : 24
JVM vendor name    : Oracle Corporation
JVM vendor version : 24.0.2+12-54
JVM name           : Java HotSpot(TM) 64-Bit Server VM
JVM version        : 24.0.2+12-54
JVM info           : mixed mode, sharing
OS name            : Windows 11
OS version         : 10.0

	at org.mockito.internal.creation.bytebuddy.InlineDelegateByteBuddyMockMaker.<init>(InlineDelegateByteBuddyMockMaker.java:273)
	at org.mockito.internal.creation.bytebuddy.InlineByteBuddyMockMaker.<init>(InlineByteBuddyMockMaker.java:23)
	... 14 more
Caused by: java.lang.IllegalStateException: Failed to resolve the class file version of the current VM: Unknown Java version: 0
	at net.bytebuddy.ClassFileVersion$VersionLocator$Unresolved.resolve(ClassFileVersion.java:667)
	at net.bytebuddy.ClassFileVersion.ofThisVm(ClassFileVersion.java:349)
	at org.mockito.internal.creation.bytebuddy.InlineDelegateByteBuddyMockMaker.<clinit>(InlineDelegateByteBuddyMockMaker.java:142)
	... 15 more

culturarte.logica.controladores.UsuarioControllerTest.usuarioUnoYaSigueUsuarioDos_DatosValidos_RetornaBoolCorresponde -- Time elapsed: 0.005 s <<< ERROR!
java.lang.IllegalStateException: Could not initialize plugin: interface org.mockito.plugins.MockMaker (alternate: null)
	at org.mockito.internal.configuration.plugins.PluginLoader$1.invoke(PluginLoader.java:85)
	at jdk.proxy2/jdk.proxy2.$Proxy11.isTypeMockable(Unknown Source)
	at org.mockito.internal.util.MockUtil.typeMockabilityOf(MockUtil.java:78)
	at org.mockito.internal.util.MockCreationValidator.validateType(MockCreationValidator.java:22)
	at org.mockito.internal.creation.MockSettingsImpl.validatedSettings(MockSettingsImpl.java:275)
	at org.mockito.internal.creation.MockSettingsImpl.build(MockSettingsImpl.java:236)
	at org.mockito.internal.MockitoCore.mock(MockitoCore.java:82)
	at org.mockito.Mockito.mock(Mockito.java:2151)
	at org.mockito.Mockito.mock(Mockito.java:2066)
	at culturarte.logica.controladores.UsuarioControllerTest.setUp(UsuarioControllerTest.java:40)
	at java.base/java.lang.reflect.Method.invoke(Method.java:565)
	at java.base/java.util.ArrayList.forEach(ArrayList.java:1604)
	at java.base/java.util.ArrayList.forEach(ArrayList.java:1604)
	Suppressed: java.lang.NullPointerException: Cannot invoke "org.mockito.MockedStatic.close()" because "this.propuestaManejadorStatic" is null
		at culturarte.logica.controladores.UsuarioControllerTest.tearDown(UsuarioControllerTest.java:52)
		... 3 more
Caused by: java.lang.IllegalStateException: Internal problem occurred, please report it. Mockito is unable to load the default implementation of class that is a part of Mockito distribution. Failed to load interface org.mockito.plugins.MockMaker
	at org.mockito.internal.configuration.plugins.DefaultMockitoPlugins.create(DefaultMockitoPlugins.java:105)
	at org.mockito.internal.configuration.plugins.DefaultMockitoPlugins.getDefaultPlugin(DefaultMockitoPlugins.java:79)
	at org.mockito.internal.configuration.plugins.PluginLoader.loadPlugin(PluginLoader.java:75)
	at org.mockito.internal.configuration.plugins.PluginLoader.loadPlugin(PluginLoader.java:49)
	at org.mockito.internal.configuration.plugins.PluginRegistry.<init>(PluginRegistry.java:29)
	at org.mockito.internal.configuration.plugins.Plugins.<clinit>(Plugins.java:26)
	at org.mockito.internal.MockitoCore.<clinit>(MockitoCore.java:71)
	at org.mockito.Mockito.<clinit>(Mockito.java:1730)
	at culturarte.logica.controladores.PropuestaControllerTest.setUp(PropuestaControllerTest.java:32)
	... 3 more
Caused by: java.lang.reflect.InvocationTargetException
	at java.base/java.lang.reflect.Constructor.newInstanceWithCaller(Constructor.java:499)
	at java.base/java.lang.reflect.Constructor.newInstance(Constructor.java:483)
	at org.mockito.internal.configuration.plugins.DefaultMockitoPlugins.create(DefaultMockitoPlugins.java:103)
	... 11 more
Caused by: org.mockito.exceptions.base.MockitoInitializationException: 
Could not initialize inline Byte Buddy mock maker.

It appears as if your JDK does not supply a working agent attachment mechanism.
Java               : 24
JVM vendor name    : Oracle Corporation
JVM vendor version : 24.0.2+12-54
JVM name           : Java HotSpot(TM) 64-Bit Server VM
JVM version        : 24.0.2+12-54
JVM info           : mixed mode, sharing
OS name            : Windows 11
OS version         : 10.0

	at org.mockito.internal.creation.bytebuddy.InlineDelegateByteBuddyMockMaker.<init>(InlineDelegateByteBuddyMockMaker.java:273)
	at org.mockito.internal.creation.bytebuddy.InlineByteBuddyMockMaker.<init>(InlineByteBuddyMockMaker.java:23)
	... 14 more
Caused by: java.lang.IllegalStateException: Failed to resolve the class file version of the current VM: Unknown Java version: 0
	at net.bytebuddy.ClassFileVersion$VersionLocator$Unresolved.resolve(ClassFileVersion.java:667)
	at net.bytebuddy.ClassFileVersion.ofThisVm(ClassFileVersion.java:349)
	at org.mockito.internal.creation.bytebuddy.InlineDelegateByteBuddyMockMaker.<clinit>(InlineDelegateByteBuddyMockMaker.java:142)
	... 15 more

culturarte.logica.controladores.UsuarioControllerTest.usuarioYaTienePropuestaFavorita_DatosValidos_RetornaTrueCuandoCorresponde -- Time elapsed: 0.004 s <<< ERROR!
java.lang.IllegalStateException: Could not initialize plugin: interface org.mockito.plugins.MockMaker (alternate: null)
	at org.mockito.internal.configuration.plugins.PluginLoader$1.invoke(PluginLoader.java:85)
	at jdk.proxy2/jdk.proxy2.$Proxy11.isTypeMockable(Unknown Source)
	at org.mockito.internal.util.MockUtil.typeMockabilityOf(MockUtil.java:78)
	at org.mockito.internal.util.MockCreationValidator.validateType(MockCreationValidator.java:22)
	at org.mockito.internal.creation.MockSettingsImpl.validatedSettings(MockSettingsImpl.java:275)
	at org.mockito.internal.creation.MockSettingsImpl.build(MockSettingsImpl.java:236)
	at org.mockito.internal.MockitoCore.mock(MockitoCore.java:82)
	at org.mockito.Mockito.mock(Mockito.java:2151)
	at org.mockito.Mockito.mock(Mockito.java:2066)
	at culturarte.logica.controladores.UsuarioControllerTest.setUp(UsuarioControllerTest.java:40)
	at java.base/java.lang.reflect.Method.invoke(Method.java:565)
	at java.base/java.util.ArrayList.forEach(ArrayList.java:1604)
	at java.base/java.util.ArrayList.forEach(ArrayList.java:1604)
	Suppressed: java.lang.NullPointerException: Cannot invoke "org.mockito.MockedStatic.close()" because "this.propuestaManejadorStatic" is null
		at culturarte.logica.controladores.UsuarioControllerTest.tearDown(UsuarioControllerTest.java:52)
		... 3 more
Caused by: java.lang.IllegalStateException: Internal problem occurred, please report it. Mockito is unable to load the default implementation of class that is a part of Mockito distribution. Failed to load interface org.mockito.plugins.MockMaker
	at org.mockito.internal.configuration.plugins.DefaultMockitoPlugins.create(DefaultMockitoPlugins.java:105)
	at org.mockito.internal.configuration.plugins.DefaultMockitoPlugins.getDefaultPlugin(DefaultMockitoPlugins.java:79)
	at org.mockito.internal.configuration.plugins.PluginLoader.loadPlugin(PluginLoader.java:75)
	at org.mockito.internal.configuration.plugins.PluginLoader.loadPlugin(PluginLoader.java:49)
	at org.mockito.internal.configuration.plugins.PluginRegistry.<init>(PluginRegistry.java:29)
	at org.mockito.internal.configuration.plugins.Plugins.<clinit>(Plugins.java:26)
	at org.mockito.internal.MockitoCore.<clinit>(MockitoCore.java:71)
	at org.mockito.Mockito.<clinit>(Mockito.java:1730)
	at culturarte.logica.controladores.PropuestaControllerTest.setUp(PropuestaControllerTest.java:32)
	... 3 more
Caused by: java.lang.reflect.InvocationTargetException
	at java.base/java.lang.reflect.Constructor.newInstanceWithCaller(Constructor.java:499)
	at java.base/java.lang.reflect.Constructor.newInstance(Constructor.java:483)
	at org.mockito.internal.configuration.plugins.DefaultMockitoPlugins.create(DefaultMockitoPlugins.java:103)
	... 11 more
Caused by: org.mockito.exceptions.base.MockitoInitializationException: 
Could not initialize inline Byte Buddy mock maker.

It appears as if your JDK does not supply a working agent attachment mechanism.
Java               : 24
JVM vendor name    : Oracle Corporation
JVM vendor version : 24.0.2+12-54
JVM name           : Java HotSpot(TM) 64-Bit Server VM
JVM version        : 24.0.2+12-54
JVM info           : mixed mode, sharing
OS name            : Windows 11
OS version         : 10.0

	at org.mockito.internal.creation.bytebuddy.InlineDelegateByteBuddyMockMaker.<init>(InlineDelegateByteBuddyMockMaker.java:273)
	at org.mockito.internal.creation.bytebuddy.InlineByteBuddyMockMaker.<init>(InlineByteBuddyMockMaker.java:23)
	... 14 more
Caused by: java.lang.IllegalStateException: Failed to resolve the class file version of the current VM: Unknown Java version: 0
	at net.bytebuddy.ClassFileVersion$VersionLocator$Unresolved.resolve(ClassFileVersion.java:667)
	at net.bytebuddy.ClassFileVersion.ofThisVm(ClassFileVersion.java:349)
	at org.mockito.internal.creation.bytebuddy.InlineDelegateByteBuddyMockMaker.<clinit>(InlineDelegateByteBuddyMockMaker.java:142)
	... 15 more

culturarte.logica.controladores.UsuarioControllerTest.devolverColaboradorPorNickname_ColaboradorNoExiste_LanzaExcepcion -- Time elapsed: 0.005 s <<< ERROR!
java.lang.IllegalStateException: Could not initialize plugin: interface org.mockito.plugins.MockMaker (alternate: null)
	at org.mockito.internal.configuration.plugins.PluginLoader$1.invoke(PluginLoader.java:85)
	at jdk.proxy2/jdk.proxy2.$Proxy11.isTypeMockable(Unknown Source)
	at org.mockito.internal.util.MockUtil.typeMockabilityOf(MockUtil.java:78)
	at org.mockito.internal.util.MockCreationValidator.validateType(MockCreationValidator.java:22)
	at org.mockito.internal.creation.MockSettingsImpl.validatedSettings(MockSettingsImpl.java:275)
	at org.mockito.internal.creation.MockSettingsImpl.build(MockSettingsImpl.java:236)
	at org.mockito.internal.MockitoCore.mock(MockitoCore.java:82)
	at org.mockito.Mockito.mock(Mockito.java:2151)
	at org.mockito.Mockito.mock(Mockito.java:2066)
	at culturarte.logica.controladores.UsuarioControllerTest.setUp(UsuarioControllerTest.java:40)
	at java.base/java.lang.reflect.Method.invoke(Method.java:565)
	at java.base/java.util.ArrayList.forEach(ArrayList.java:1604)
	at java.base/java.util.ArrayList.forEach(ArrayList.java:1604)
	Suppressed: java.lang.NullPointerException: Cannot invoke "org.mockito.MockedStatic.close()" because "this.propuestaManejadorStatic" is null
		at culturarte.logica.controladores.UsuarioControllerTest.tearDown(UsuarioControllerTest.java:52)
		... 3 more
Caused by: java.lang.IllegalStateException: Internal problem occurred, please report it. Mockito is unable to load the default implementation of class that is a part of Mockito distribution. Failed to load interface org.mockito.plugins.MockMaker
	at org.mockito.internal.configuration.plugins.DefaultMockitoPlugins.create(DefaultMockitoPlugins.java:105)
	at org.mockito.internal.configuration.plugins.DefaultMockitoPlugins.getDefaultPlugin(DefaultMockitoPlugins.java:79)
	at org.mockito.internal.configuration.plugins.PluginLoader.loadPlugin(PluginLoader.java:75)
	at org.mockito.internal.configuration.plugins.PluginLoader.loadPlugin(PluginLoader.java:49)
	at org.mockito.internal.configuration.plugins.PluginRegistry.<init>(PluginRegistry.java:29)
	at org.mockito.internal.configuration.plugins.Plugins.<clinit>(Plugins.java:26)
	at org.mockito.internal.MockitoCore.<clinit>(MockitoCore.java:71)
	at org.mockito.Mockito.<clinit>(Mockito.java:1730)
	at culturarte.logica.controladores.PropuestaControllerTest.setUp(PropuestaControllerTest.java:32)
	... 3 more
Caused by: java.lang.reflect.InvocationTargetException
	at java.base/java.lang.reflect.Constructor.newInstanceWithCaller(Constructor.java:499)
	at java.base/java.lang.reflect.Constructor.newInstance(Constructor.java:483)
	at org.mockito.internal.configuration.plugins.DefaultMockitoPlugins.create(DefaultMockitoPlugins.java:103)
	... 11 more
Caused by: org.mockito.exceptions.base.MockitoInitializationException: 
Could not initialize inline Byte Buddy mock maker.

It appears as if your JDK does not supply a working agent attachment mechanism.
Java               : 24
JVM vendor name    : Oracle Corporation
JVM vendor version : 24.0.2+12-54
JVM name           : Java HotSpot(TM) 64-Bit Server VM
JVM version        : 24.0.2+12-54
JVM info           : mixed mode, sharing
OS name            : Windows 11
OS version         : 10.0

	at org.mockito.internal.creation.bytebuddy.InlineDelegateByteBuddyMockMaker.<init>(InlineDelegateByteBuddyMockMaker.java:273)
	at org.mockito.internal.creation.bytebuddy.InlineByteBuddyMockMaker.<init>(InlineByteBuddyMockMaker.java:23)
	... 14 more
Caused by: java.lang.IllegalStateException: Failed to resolve the class file version of the current VM: Unknown Java version: 0
	at net.bytebuddy.ClassFileVersion$VersionLocator$Unresolved.resolve(ClassFileVersion.java:667)
	at net.bytebuddy.ClassFileVersion.ofThisVm(ClassFileVersion.java:349)
	at org.mockito.internal.creation.bytebuddy.InlineDelegateByteBuddyMockMaker.<clinit>(InlineDelegateByteBuddyMockMaker.java:142)
	... 15 more

culturarte.logica.controladores.UsuarioControllerTest.dejarDeSeguirUsuario_DatosValidos_DejaSeguirCorrectamente -- Time elapsed: 0.017 s <<< ERROR!
java.lang.IllegalStateException: Could not initialize plugin: interface org.mockito.plugins.MockMaker (alternate: null)
	at org.mockito.internal.configuration.plugins.PluginLoader$1.invoke(PluginLoader.java:85)
	at jdk.proxy2/jdk.proxy2.$Proxy11.isTypeMockable(Unknown Source)
	at org.mockito.internal.util.MockUtil.typeMockabilityOf(MockUtil.java:78)
	at org.mockito.internal.util.MockCreationValidator.validateType(MockCreationValidator.java:22)
	at org.mockito.internal.creation.MockSettingsImpl.validatedSettings(MockSettingsImpl.java:275)
	at org.mockito.internal.creation.MockSettingsImpl.build(MockSettingsImpl.java:236)
	at org.mockito.internal.MockitoCore.mock(MockitoCore.java:82)
	at org.mockito.Mockito.mock(Mockito.java:2151)
	at org.mockito.Mockito.mock(Mockito.java:2066)
	at culturarte.logica.controladores.UsuarioControllerTest.setUp(UsuarioControllerTest.java:40)
	at java.base/java.lang.reflect.Method.invoke(Method.java:565)
	at java.base/java.util.ArrayList.forEach(ArrayList.java:1604)
	at java.base/java.util.ArrayList.forEach(ArrayList.java:1604)
	Suppressed: java.lang.NullPointerException: Cannot invoke "org.mockito.MockedStatic.close()" because "this.propuestaManejadorStatic" is null
		at culturarte.logica.controladores.UsuarioControllerTest.tearDown(UsuarioControllerTest.java:52)
		... 3 more
Caused by: java.lang.IllegalStateException: Internal problem occurred, please report it. Mockito is unable to load the default implementation of class that is a part of Mockito distribution. Failed to load interface org.mockito.plugins.MockMaker
	at org.mockito.internal.configuration.plugins.DefaultMockitoPlugins.create(DefaultMockitoPlugins.java:105)
	at org.mockito.internal.configuration.plugins.DefaultMockitoPlugins.getDefaultPlugin(DefaultMockitoPlugins.java:79)
	at org.mockito.internal.configuration.plugins.PluginLoader.loadPlugin(PluginLoader.java:75)
	at org.mockito.internal.configuration.plugins.PluginLoader.loadPlugin(PluginLoader.java:49)
	at org.mockito.internal.configuration.plugins.PluginRegistry.<init>(PluginRegistry.java:29)
	at org.mockito.internal.configuration.plugins.Plugins.<clinit>(Plugins.java:26)
	at org.mockito.internal.MockitoCore.<clinit>(MockitoCore.java:71)
	at org.mockito.Mockito.<clinit>(Mockito.java:1730)
	at culturarte.logica.controladores.PropuestaControllerTest.setUp(PropuestaControllerTest.java:32)
	... 3 more
Caused by: java.lang.reflect.InvocationTargetException
	at java.base/java.lang.reflect.Constructor.newInstanceWithCaller(Constructor.java:499)
	at java.base/java.lang.reflect.Constructor.newInstance(Constructor.java:483)
	at org.mockito.internal.configuration.plugins.DefaultMockitoPlugins.create(DefaultMockitoPlugins.java:103)
	... 11 more
Caused by: org.mockito.exceptions.base.MockitoInitializationException: 
Could not initialize inline Byte Buddy mock maker.

It appears as if your JDK does not supply a working agent attachment mechanism.
Java               : 24
JVM vendor name    : Oracle Corporation
JVM vendor version : 24.0.2+12-54
JVM name           : Java HotSpot(TM) 64-Bit Server VM
JVM version        : 24.0.2+12-54
JVM info           : mixed mode, sharing
OS name            : Windows 11
OS version         : 10.0

	at org.mockito.internal.creation.bytebuddy.InlineDelegateByteBuddyMockMaker.<init>(InlineDelegateByteBuddyMockMaker.java:273)
	at org.mockito.internal.creation.bytebuddy.InlineByteBuddyMockMaker.<init>(InlineByteBuddyMockMaker.java:23)
	... 14 more
Caused by: java.lang.IllegalStateException: Failed to resolve the class file version of the current VM: Unknown Java version: 0
	at net.bytebuddy.ClassFileVersion$VersionLocator$Unresolved.resolve(ClassFileVersion.java:667)
	at net.bytebuddy.ClassFileVersion.ofThisVm(ClassFileVersion.java:349)
	at org.mockito.internal.creation.bytebuddy.InlineDelegateByteBuddyMockMaker.<clinit>(InlineDelegateByteBuddyMockMaker.java:142)
	... 15 more

culturarte.logica.controladores.UsuarioControllerTest.devolverProponentePorNickname_DatosValidos_RetornaCorrectamente -- Time elapsed: 0.010 s <<< ERROR!
java.lang.IllegalStateException: Could not initialize plugin: interface org.mockito.plugins.MockMaker (alternate: null)
	at org.mockito.internal.configuration.plugins.PluginLoader$1.invoke(PluginLoader.java:85)
	at jdk.proxy2/jdk.proxy2.$Proxy11.isTypeMockable(Unknown Source)
	at org.mockito.internal.util.MockUtil.typeMockabilityOf(MockUtil.java:78)
	at org.mockito.internal.util.MockCreationValidator.validateType(MockCreationValidator.java:22)
	at org.mockito.internal.creation.MockSettingsImpl.validatedSettings(MockSettingsImpl.java:275)
	at org.mockito.internal.creation.MockSettingsImpl.build(MockSettingsImpl.java:236)
	at org.mockito.internal.MockitoCore.mock(MockitoCore.java:82)
	at org.mockito.Mockito.mock(Mockito.java:2151)
	at org.mockito.Mockito.mock(Mockito.java:2066)
	at culturarte.logica.controladores.UsuarioControllerTest.setUp(UsuarioControllerTest.java:40)
	at java.base/java.lang.reflect.Method.invoke(Method.java:565)
	at java.base/java.util.ArrayList.forEach(ArrayList.java:1604)
	at java.base/java.util.ArrayList.forEach(ArrayList.java:1604)
	Suppressed: java.lang.NullPointerException: Cannot invoke "org.mockito.MockedStatic.close()" because "this.propuestaManejadorStatic" is null
		at culturarte.logica.controladores.UsuarioControllerTest.tearDown(UsuarioControllerTest.java:52)
		... 3 more
Caused by: java.lang.IllegalStateException: Internal problem occurred, please report it. Mockito is unable to load the default implementation of class that is a part of Mockito distribution. Failed to load interface org.mockito.plugins.MockMaker
	at org.mockito.internal.configuration.plugins.DefaultMockitoPlugins.create(DefaultMockitoPlugins.java:105)
	at org.mockito.internal.configuration.plugins.DefaultMockitoPlugins.getDefaultPlugin(DefaultMockitoPlugins.java:79)
	at org.mockito.internal.configuration.plugins.PluginLoader.loadPlugin(PluginLoader.java:75)
	at org.mockito.internal.configuration.plugins.PluginLoader.loadPlugin(PluginLoader.java:49)
	at org.mockito.internal.configuration.plugins.PluginRegistry.<init>(PluginRegistry.java:29)
	at org.mockito.internal.configuration.plugins.Plugins.<clinit>(Plugins.java:26)
	at org.mockito.internal.MockitoCore.<clinit>(MockitoCore.java:71)
	at org.mockito.Mockito.<clinit>(Mockito.java:1730)
	at culturarte.logica.controladores.PropuestaControllerTest.setUp(PropuestaControllerTest.java:32)
	... 3 more
Caused by: java.lang.reflect.InvocationTargetException
	at java.base/java.lang.reflect.Constructor.newInstanceWithCaller(Constructor.java:499)
	at java.base/java.lang.reflect.Constructor.newInstance(Constructor.java:483)
	at org.mockito.internal.configuration.plugins.DefaultMockitoPlugins.create(DefaultMockitoPlugins.java:103)
	... 11 more
Caused by: org.mockito.exceptions.base.MockitoInitializationException: 
Could not initialize inline Byte Buddy mock maker.

It appears as if your JDK does not supply a working agent attachment mechanism.
Java               : 24
JVM vendor name    : Oracle Corporation
JVM vendor version : 24.0.2+12-54
JVM name           : Java HotSpot(TM) 64-Bit Server VM
JVM version        : 24.0.2+12-54
JVM info           : mixed mode, sharing
OS name            : Windows 11
OS version         : 10.0

	at org.mockito.internal.creation.bytebuddy.InlineDelegateByteBuddyMockMaker.<init>(InlineDelegateByteBuddyMockMaker.java:273)
	at org.mockito.internal.creation.bytebuddy.InlineByteBuddyMockMaker.<init>(InlineByteBuddyMockMaker.java:23)
	... 14 more
Caused by: java.lang.IllegalStateException: Failed to resolve the class file version of the current VM: Unknown Java version: 0
	at net.bytebuddy.ClassFileVersion$VersionLocator$Unresolved.resolve(ClassFileVersion.java:667)
	at net.bytebuddy.ClassFileVersion.ofThisVm(ClassFileVersion.java:349)
	at org.mockito.internal.creation.bytebuddy.InlineDelegateByteBuddyMockMaker.<clinit>(InlineDelegateByteBuddyMockMaker.java:142)
	... 15 more

culturarte.logica.controladores.UsuarioControllerTest.devolverUsuariosSeguidos_DatosValidos_RetornaListaCorrectamente -- Time elapsed: 0.004 s <<< ERROR!
java.lang.IllegalStateException: Could not initialize plugin: interface org.mockito.plugins.MockMaker (alternate: null)
	at org.mockito.internal.configuration.plugins.PluginLoader$1.invoke(PluginLoader.java:85)
	at jdk.proxy2/jdk.proxy2.$Proxy11.isTypeMockable(Unknown Source)
	at org.mockito.internal.util.MockUtil.typeMockabilityOf(MockUtil.java:78)
	at org.mockito.internal.util.MockCreationValidator.validateType(MockCreationValidator.java:22)
	at org.mockito.internal.creation.MockSettingsImpl.validatedSettings(MockSettingsImpl.java:275)
	at org.mockito.internal.creation.MockSettingsImpl.build(MockSettingsImpl.java:236)
	at org.mockito.internal.MockitoCore.mock(MockitoCore.java:82)
	at org.mockito.Mockito.mock(Mockito.java:2151)
	at org.mockito.Mockito.mock(Mockito.java:2066)
	at culturarte.logica.controladores.UsuarioControllerTest.setUp(UsuarioControllerTest.java:40)
	at java.base/java.lang.reflect.Method.invoke(Method.java:565)
	at java.base/java.util.ArrayList.forEach(ArrayList.java:1604)
	at java.base/java.util.ArrayList.forEach(ArrayList.java:1604)
	Suppressed: java.lang.NullPointerException: Cannot invoke "org.mockito.MockedStatic.close()" because "this.propuestaManejadorStatic" is null
		at culturarte.logica.controladores.UsuarioControllerTest.tearDown(UsuarioControllerTest.java:52)
		... 3 more
Caused by: java.lang.IllegalStateException: Internal problem occurred, please report it. Mockito is unable to load the default implementation of class that is a part of Mockito distribution. Failed to load interface org.mockito.plugins.MockMaker
	at org.mockito.internal.configuration.plugins.DefaultMockitoPlugins.create(DefaultMockitoPlugins.java:105)
	at org.mockito.internal.configuration.plugins.DefaultMockitoPlugins.getDefaultPlugin(DefaultMockitoPlugins.java:79)
	at org.mockito.internal.configuration.plugins.PluginLoader.loadPlugin(PluginLoader.java:75)
	at org.mockito.internal.configuration.plugins.PluginLoader.loadPlugin(PluginLoader.java:49)
	at org.mockito.internal.configuration.plugins.PluginRegistry.<init>(PluginRegistry.java:29)
	at org.mockito.internal.configuration.plugins.Plugins.<clinit>(Plugins.java:26)
	at org.mockito.internal.MockitoCore.<clinit>(MockitoCore.java:71)
	at org.mockito.Mockito.<clinit>(Mockito.java:1730)
	at culturarte.logica.controladores.PropuestaControllerTest.setUp(PropuestaControllerTest.java:32)
	... 3 more
Caused by: java.lang.reflect.InvocationTargetException
	at java.base/java.lang.reflect.Constructor.newInstanceWithCaller(Constructor.java:499)
	at java.base/java.lang.reflect.Constructor.newInstance(Constructor.java:483)
	at org.mockito.internal.configuration.plugins.DefaultMockitoPlugins.create(DefaultMockitoPlugins.java:103)
	... 11 more
Caused by: org.mockito.exceptions.base.MockitoInitializationException: 
Could not initialize inline Byte Buddy mock maker.

It appears as if your JDK does not supply a working agent attachment mechanism.
Java               : 24
JVM vendor name    : Oracle Corporation
JVM vendor version : 24.0.2+12-54
JVM name           : Java HotSpot(TM) 64-Bit Server VM
JVM version        : 24.0.2+12-54
JVM info           : mixed mode, sharing
OS name            : Windows 11
OS version         : 10.0

	at org.mockito.internal.creation.bytebuddy.InlineDelegateByteBuddyMockMaker.<init>(InlineDelegateByteBuddyMockMaker.java:273)
	at org.mockito.internal.creation.bytebuddy.InlineByteBuddyMockMaker.<init>(InlineByteBuddyMockMaker.java:23)
	... 14 more
Caused by: java.lang.IllegalStateException: Failed to resolve the class file version of the current VM: Unknown Java version: 0
	at net.bytebuddy.ClassFileVersion$VersionLocator$Unresolved.resolve(ClassFileVersion.java:667)
	at net.bytebuddy.ClassFileVersion.ofThisVm(ClassFileVersion.java:349)
	at org.mockito.internal.creation.bytebuddy.InlineDelegateByteBuddyMockMaker.<clinit>(InlineDelegateByteBuddyMockMaker.java:142)
	... 15 more

culturarte.logica.controladores.UsuarioControllerTest.devolverProponentePorNickname_ProponenteNoExiste_LanzaExcepcion -- Time elapsed: 0.009 s <<< ERROR!
java.lang.IllegalStateException: Could not initialize plugin: interface org.mockito.plugins.MockMaker (alternate: null)
	at org.mockito.internal.configuration.plugins.PluginLoader$1.invoke(PluginLoader.java:85)
	at jdk.proxy2/jdk.proxy2.$Proxy11.isTypeMockable(Unknown Source)
	at org.mockito.internal.util.MockUtil.typeMockabilityOf(MockUtil.java:78)
	at org.mockito.internal.util.MockCreationValidator.validateType(MockCreationValidator.java:22)
	at org.mockito.internal.creation.MockSettingsImpl.validatedSettings(MockSettingsImpl.java:275)
	at org.mockito.internal.creation.MockSettingsImpl.build(MockSettingsImpl.java:236)
	at org.mockito.internal.MockitoCore.mock(MockitoCore.java:82)
	at org.mockito.Mockito.mock(Mockito.java:2151)
	at org.mockito.Mockito.mock(Mockito.java:2066)
	at culturarte.logica.controladores.UsuarioControllerTest.setUp(UsuarioControllerTest.java:40)
	at java.base/java.lang.reflect.Method.invoke(Method.java:565)
	at java.base/java.util.ArrayList.forEach(ArrayList.java:1604)
	at java.base/java.util.ArrayList.forEach(ArrayList.java:1604)
	Suppressed: java.lang.NullPointerException: Cannot invoke "org.mockito.MockedStatic.close()" because "this.propuestaManejadorStatic" is null
		at culturarte.logica.controladores.UsuarioControllerTest.tearDown(UsuarioControllerTest.java:52)
		... 3 more
Caused by: java.lang.IllegalStateException: Internal problem occurred, please report it. Mockito is unable to load the default implementation of class that is a part of Mockito distribution. Failed to load interface org.mockito.plugins.MockMaker
	at org.mockito.internal.configuration.plugins.DefaultMockitoPlugins.create(DefaultMockitoPlugins.java:105)
	at org.mockito.internal.configuration.plugins.DefaultMockitoPlugins.getDefaultPlugin(DefaultMockitoPlugins.java:79)
	at org.mockito.internal.configuration.plugins.PluginLoader.loadPlugin(PluginLoader.java:75)
	at org.mockito.internal.configuration.plugins.PluginLoader.loadPlugin(PluginLoader.java:49)
	at org.mockito.internal.configuration.plugins.PluginRegistry.<init>(PluginRegistry.java:29)
	at org.mockito.internal.configuration.plugins.Plugins.<clinit>(Plugins.java:26)
	at org.mockito.internal.MockitoCore.<clinit>(MockitoCore.java:71)
	at org.mockito.Mockito.<clinit>(Mockito.java:1730)
	at culturarte.logica.controladores.PropuestaControllerTest.setUp(PropuestaControllerTest.java:32)
	... 3 more
Caused by: java.lang.reflect.InvocationTargetException
	at java.base/java.lang.reflect.Constructor.newInstanceWithCaller(Constructor.java:499)
	at java.base/java.lang.reflect.Constructor.newInstance(Constructor.java:483)
	at org.mockito.internal.configuration.plugins.DefaultMockitoPlugins.create(DefaultMockitoPlugins.java:103)
	... 11 more
Caused by: org.mockito.exceptions.base.MockitoInitializationException: 
Could not initialize inline Byte Buddy mock maker.

It appears as if your JDK does not supply a working agent attachment mechanism.
Java               : 24
JVM vendor name    : Oracle Corporation
JVM vendor version : 24.0.2+12-54
JVM name           : Java HotSpot(TM) 64-Bit Server VM
JVM version        : 24.0.2+12-54
JVM info           : mixed mode, sharing
OS name            : Windows 11
OS version         : 10.0

	at org.mockito.internal.creation.bytebuddy.InlineDelegateByteBuddyMockMaker.<init>(InlineDelegateByteBuddyMockMaker.java:273)
	at org.mockito.internal.creation.bytebuddy.InlineByteBuddyMockMaker.<init>(InlineByteBuddyMockMaker.java:23)
	... 14 more
Caused by: java.lang.IllegalStateException: Failed to resolve the class file version of the current VM: Unknown Java version: 0
	at net.bytebuddy.ClassFileVersion$VersionLocator$Unresolved.resolve(ClassFileVersion.java:667)
	at net.bytebuddy.ClassFileVersion.ofThisVm(ClassFileVersion.java:349)
	at org.mockito.internal.creation.bytebuddy.InlineDelegateByteBuddyMockMaker.<clinit>(InlineDelegateByteBuddyMockMaker.java:142)
	... 15 more

culturarte.logica.controladores.UsuarioControllerTest.quitarPropuestaFavorita_PropuestaNoExiste_LanzaExcepcion -- Time elapsed: 0.006 s <<< ERROR!
java.lang.IllegalStateException: Could not initialize plugin: interface org.mockito.plugins.MockMaker (alternate: null)
	at org.mockito.internal.configuration.plugins.PluginLoader$1.invoke(PluginLoader.java:85)
	at jdk.proxy2/jdk.proxy2.$Proxy11.isTypeMockable(Unknown Source)
	at org.mockito.internal.util.MockUtil.typeMockabilityOf(MockUtil.java:78)
	at org.mockito.internal.util.MockCreationValidator.validateType(MockCreationValidator.java:22)
	at org.mockito.internal.creation.MockSettingsImpl.validatedSettings(MockSettingsImpl.java:275)
	at org.mockito.internal.creation.MockSettingsImpl.build(MockSettingsImpl.java:236)
	at org.mockito.internal.MockitoCore.mock(MockitoCore.java:82)
	at org.mockito.Mockito.mock(Mockito.java:2151)
	at org.mockito.Mockito.mock(Mockito.java:2066)
	at culturarte.logica.controladores.UsuarioControllerTest.setUp(UsuarioControllerTest.java:40)
	at java.base/java.lang.reflect.Method.invoke(Method.java:565)
	at java.base/java.util.ArrayList.forEach(ArrayList.java:1604)
	at java.base/java.util.ArrayList.forEach(ArrayList.java:1604)
	Suppressed: java.lang.NullPointerException: Cannot invoke "org.mockito.MockedStatic.close()" because "this.propuestaManejadorStatic" is null
		at culturarte.logica.controladores.UsuarioControllerTest.tearDown(UsuarioControllerTest.java:52)
		... 3 more
Caused by: java.lang.IllegalStateException: Internal problem occurred, please report it. Mockito is unable to load the default implementation of class that is a part of Mockito distribution. Failed to load interface org.mockito.plugins.MockMaker
	at org.mockito.internal.configuration.plugins.DefaultMockitoPlugins.create(DefaultMockitoPlugins.java:105)
	at org.mockito.internal.configuration.plugins.DefaultMockitoPlugins.getDefaultPlugin(DefaultMockitoPlugins.java:79)
	at org.mockito.internal.configuration.plugins.PluginLoader.loadPlugin(PluginLoader.java:75)
	at org.mockito.internal.configuration.plugins.PluginLoader.loadPlugin(PluginLoader.java:49)
	at org.mockito.internal.configuration.plugins.PluginRegistry.<init>(PluginRegistry.java:29)
	at org.mockito.internal.configuration.plugins.Plugins.<clinit>(Plugins.java:26)
	at org.mockito.internal.MockitoCore.<clinit>(MockitoCore.java:71)
	at org.mockito.Mockito.<clinit>(Mockito.java:1730)
	at culturarte.logica.controladores.PropuestaControllerTest.setUp(PropuestaControllerTest.java:32)
	... 3 more
Caused by: java.lang.reflect.InvocationTargetException
	at java.base/java.lang.reflect.Constructor.newInstanceWithCaller(Constructor.java:499)
	at java.base/java.lang.reflect.Constructor.newInstance(Constructor.java:483)
	at org.mockito.internal.configuration.plugins.DefaultMockitoPlugins.create(DefaultMockitoPlugins.java:103)
	... 11 more
Caused by: org.mockito.exceptions.base.MockitoInitializationException: 
Could not initialize inline Byte Buddy mock maker.

It appears as if your JDK does not supply a working agent attachment mechanism.
Java               : 24
JVM vendor name    : Oracle Corporation
JVM vendor version : 24.0.2+12-54
JVM name           : Java HotSpot(TM) 64-Bit Server VM
JVM version        : 24.0.2+12-54
JVM info           : mixed mode, sharing
OS name            : Windows 11
OS version         : 10.0

	at org.mockito.internal.creation.bytebuddy.InlineDelegateByteBuddyMockMaker.<init>(InlineDelegateByteBuddyMockMaker.java:273)
	at org.mockito.internal.creation.bytebuddy.InlineByteBuddyMockMaker.<init>(InlineByteBuddyMockMaker.java:23)
	... 14 more
Caused by: java.lang.IllegalStateException: Failed to resolve the class file version of the current VM: Unknown Java version: 0
	at net.bytebuddy.ClassFileVersion$VersionLocator$Unresolved.resolve(ClassFileVersion.java:667)
	at net.bytebuddy.ClassFileVersion.ofThisVm(ClassFileVersion.java:349)
	at org.mockito.internal.creation.bytebuddy.InlineDelegateByteBuddyMockMaker.<clinit>(InlineDelegateByteBuddyMockMaker.java:142)
	... 15 more

culturarte.logica.controladores.UsuarioControllerTest.crearUsuario_DatosValidos_CreaCorrectamente -- Time elapsed: 0.010 s <<< ERROR!
java.lang.IllegalStateException: Could not initialize plugin: interface org.mockito.plugins.MockMaker (alternate: null)
	at org.mockito.internal.configuration.plugins.PluginLoader$1.invoke(PluginLoader.java:85)
	at jdk.proxy2/jdk.proxy2.$Proxy11.isTypeMockable(Unknown Source)
	at org.mockito.internal.util.MockUtil.typeMockabilityOf(MockUtil.java:78)
	at org.mockito.internal.util.MockCreationValidator.validateType(MockCreationValidator.java:22)
	at org.mockito.internal.creation.MockSettingsImpl.validatedSettings(MockSettingsImpl.java:275)
	at org.mockito.internal.creation.MockSettingsImpl.build(MockSettingsImpl.java:236)
	at org.mockito.internal.MockitoCore.mock(MockitoCore.java:82)
	at org.mockito.Mockito.mock(Mockito.java:2151)
	at org.mockito.Mockito.mock(Mockito.java:2066)
	at culturarte.logica.controladores.UsuarioControllerTest.setUp(UsuarioControllerTest.java:40)
	at java.base/java.lang.reflect.Method.invoke(Method.java:565)
	at java.base/java.util.ArrayList.forEach(ArrayList.java:1604)
	at java.base/java.util.ArrayList.forEach(ArrayList.java:1604)
	Suppressed: java.lang.NullPointerException: Cannot invoke "org.mockito.MockedStatic.close()" because "this.propuestaManejadorStatic" is null
		at culturarte.logica.controladores.UsuarioControllerTest.tearDown(UsuarioControllerTest.java:52)
		... 3 more
Caused by: java.lang.IllegalStateException: Internal problem occurred, please report it. Mockito is unable to load the default implementation of class that is a part of Mockito distribution. Failed to load interface org.mockito.plugins.MockMaker
	at org.mockito.internal.configuration.plugins.DefaultMockitoPlugins.create(DefaultMockitoPlugins.java:105)
	at org.mockito.internal.configuration.plugins.DefaultMockitoPlugins.getDefaultPlugin(DefaultMockitoPlugins.java:79)
	at org.mockito.internal.configuration.plugins.PluginLoader.loadPlugin(PluginLoader.java:75)
	at org.mockito.internal.configuration.plugins.PluginLoader.loadPlugin(PluginLoader.java:49)
	at org.mockito.internal.configuration.plugins.PluginRegistry.<init>(PluginRegistry.java:29)
	at org.mockito.internal.configuration.plugins.Plugins.<clinit>(Plugins.java:26)
	at org.mockito.internal.MockitoCore.<clinit>(MockitoCore.java:71)
	at org.mockito.Mockito.<clinit>(Mockito.java:1730)
	at culturarte.logica.controladores.PropuestaControllerTest.setUp(PropuestaControllerTest.java:32)
	... 3 more
Caused by: java.lang.reflect.InvocationTargetException
[...]
	at org.mockito.internal.configuration.plugins.PluginLoader$1.invoke(PluginLoader.java:85)
	at jdk.proxy2/jdk.proxy2.$Proxy11.isTypeMockable(Unknown Source)
	at org.mockito.internal.util.MockUtil.typeMockabilityOf(MockUtil.java:78)
	at org.mockito.internal.util.MockCreationValidator.validateType(MockCreationValidator.java:22)
	at org.mockito.internal.creation.MockSettingsImpl.validatedSettings(MockSettingsImpl.java:275)
	at org.mockito.internal.creation.MockSettingsImpl.build(MockSettingsImpl.java:236)
	at org.mockito.internal.MockitoCore.mock(MockitoCore.java:82)
	at org.mockito.Mockito.mock(Mockito.java:2151)
	at org.mockito.Mockito.mock(Mockito.java:2066)
	at culturarte.logica.controladores.UsuarioControllerTest.setUp(UsuarioControllerTest.java:40)
	at java.base/java.lang.reflect.Method.invoke(Method.java:565)
	at java.base/java.util.ArrayList.forEach(ArrayList.java:1604)
	at java.base/java.util.ArrayList.forEach(ArrayList.java:1604)
	Suppressed: java.lang.NullPointerException: Cannot invoke "org.mockito.MockedStatic.close()" because "this.propuestaManejadorStatic" is null
		at culturarte.logica.controladores.UsuarioControllerTest.tearDown(UsuarioControllerTest.java:52)
		... 3 more
Caused by: java.lang.IllegalStateException: Internal problem occurred, please report it. Mockito is unable to load the default implementation of class that is a part of Mockito distribution. Failed to load interface org.mockito.plugins.MockMaker
	at org.mockito.internal.configuration.plugins.DefaultMockitoPlugins.create(DefaultMockitoPlugins.java:105)
	at org.mockito.internal.configuration.plugins.DefaultMockitoPlugins.getDefaultPlugin(DefaultMockitoPlugins.java:79)
	at org.mockito.internal.configuration.plugins.PluginLoader.loadPlugin(PluginLoader.java:75)
	at org.mockito.internal.configuration.plugins.PluginLoader.loadPlugin(PluginLoader.java:49)
	at org.mockito.internal.configuration.plugins.PluginRegistry.<init>(PluginRegistry.java:29)
	at org.mockito.internal.configuration.plugins.Plugins.<clinit>(Plugins.java:26)
	at org.mockito.internal.MockitoCore.<clinit>(MockitoCore.java:71)
	at org.mockito.Mockito.<clinit>(Mockito.java:1730)
	at culturarte.logica.controladores.PropuestaControllerTest.setUp(PropuestaControllerTest.java:32)
	... 3 more
Caused by: java.lang.reflect.InvocationTargetException
	at java.base/java.lang.reflect.Constructor.newInstanceWithCaller(Constructor.java:499)
	at java.base/java.lang.reflect.Constructor.newInstance(Constructor.java:483)
	at org.mockito.internal.configuration.plugins.DefaultMockitoPlugins.create(DefaultMockitoPlugins.java:103)
	... 11 more
Caused by: org.mockito.exceptions.base.MockitoInitializationException: 
Could not initialize inline Byte Buddy mock maker.

It appears as if your JDK does not supply a working agent attachment mechanism.
Java               : 24
JVM vendor name    : Oracle Corporation
JVM vendor version : 24.0.2+12-54
JVM name           : Java HotSpot(TM) 64-Bit Server VM
JVM version        : 24.0.2+12-54
JVM info           : mixed mode, sharing
OS name            : Windows 11
OS version         : 10.0

	at org.mockito.internal.creation.bytebuddy.InlineDelegateByteBuddyMockMaker.<init>(InlineDelegateByteBuddyMockMaker.java:273)
	at org.mockito.internal.creation.bytebuddy.InlineByteBuddyMockMaker.<init>(InlineByteBuddyMockMaker.java:23)
	... 14 more
Caused by: java.lang.IllegalStateException: Failed to resolve the class file version of the current VM: Unknown Java version: 0
	at net.bytebuddy.ClassFileVersion$VersionLocator$Unresolved.resolve(ClassFileVersion.java:667)
	at net.bytebuddy.ClassFileVersion.ofThisVm(ClassFileVersion.java:349)
	at org.mockito.internal.creation.bytebuddy.InlineDelegateByteBuddyMockMaker.<clinit>(InlineDelegateByteBuddyMockMaker.java:142)
	... 15 more

culturarte.logica.controladores.UsuarioControllerTest.devolverNicknamesProponentes_DatosValidos_RetornaListaCorrectamente -- Time elapsed: 0.010 s <<< ERROR!
java.lang.IllegalStateException: Could not initialize plugin: interface org.mockito.plugins.MockMaker (alternate: null)
	at org.mockito.internal.configuration.plugins.PluginLoader$1.invoke(PluginLoader.java:85)
	at jdk.proxy2/jdk.proxy2.$Proxy11.isTypeMockable(Unknown Source)
	at org.mockito.internal.util.MockUtil.typeMockabilityOf(MockUtil.java:78)
	at org.mockito.internal.util.MockCreationValidator.validateType(MockCreationValidator.java:22)
	at org.mockito.internal.creation.MockSettingsImpl.validatedSettings(MockSettingsImpl.java:275)
	at org.mockito.internal.creation.MockSettingsImpl.build(MockSettingsImpl.java:236)
	at org.mockito.internal.MockitoCore.mock(MockitoCore.java:82)
	at org.mockito.Mockito.mock(Mockito.java:2151)
	at org.mockito.Mockito.mock(Mockito.java:2066)
	at culturarte.logica.controladores.UsuarioControllerTest.setUp(UsuarioControllerTest.java:40)
	at java.base/java.lang.reflect.Method.invoke(Method.java:565)
	at java.base/java.util.ArrayList.forEach(ArrayList.java:1604)
	at java.base/java.util.ArrayList.forEach(ArrayList.java:1604)
	Suppressed: java.lang.NullPointerException: Cannot invoke "org.mockito.MockedStatic.close()" because "this.propuestaManejadorStatic" is null
		at culturarte.logica.controladores.UsuarioControllerTest.tearDown(UsuarioControllerTest.java:52)
		... 3 more
Caused by: java.lang.IllegalStateException: Internal problem occurred, please report it. Mockito is unable to load the default implementation of class that is a part of Mockito distribution. Failed to load interface org.mockito.plugins.MockMaker
	at org.mockito.internal.configuration.plugins.DefaultMockitoPlugins.create(DefaultMockitoPlugins.java:105)
	at org.mockito.internal.configuration.plugins.DefaultMockitoPlugins.getDefaultPlugin(DefaultMockitoPlugins.java:79)
	at org.mockito.internal.configuration.plugins.PluginLoader.loadPlugin(PluginLoader.java:75)
	at org.mockito.internal.configuration.plugins.PluginLoader.loadPlugin(PluginLoader.java:49)
	at org.mockito.internal.configuration.plugins.PluginRegistry.<init>(PluginRegistry.java:29)
	at org.mockito.internal.configuration.plugins.Plugins.<clinit>(Plugins.java:26)
	at org.mockito.internal.MockitoCore.<clinit>(MockitoCore.java:71)
	at org.mockito.Mockito.<clinit>(Mockito.java:1730)
	at culturarte.logica.controladores.PropuestaControllerTest.setUp(PropuestaControllerTest.java:32)
	... 3 more
Caused by: java.lang.reflect.InvocationTargetException
	at java.base/java.lang.reflect.Constructor.newInstanceWithCaller(Constructor.java:499)
	at java.base/java.lang.reflect.Constructor.newInstance(Constructor.java:483)
	at org.mockito.internal.configuration.plugins.DefaultMockitoPlugins.create(DefaultMockitoPlugins.java:103)
	... 11 more
Caused by: org.mockito.exceptions.base.MockitoInitializationException: 
Could not initialize inline Byte Buddy mock maker.

It appears as if your JDK does not supply a working agent attachment mechanism.
Java               : 24
JVM vendor name    : Oracle Corporation
JVM vendor version : 24.0.2+12-54
JVM name           : Java HotSpot(TM) 64-Bit Server VM
JVM version        : 24.0.2+12-54
JVM info           : mixed mode, sharing
OS name            : Windows 11
OS version         : 10.0

	at org.mockito.internal.creation.bytebuddy.InlineDelegateByteBuddyMockMaker.<init>(InlineDelegateByteBuddyMockMaker.java:273)
	at org.mockito.internal.creation.bytebuddy.InlineByteBuddyMockMaker.<init>(InlineByteBuddyMockMaker.java:23)
	... 14 more
Caused by: java.lang.IllegalStateException: Failed to resolve the class file version of the current VM: Unknown Java version: 0
	at net.bytebuddy.ClassFileVersion$VersionLocator$Unresolved.resolve(ClassFileVersion.java:667)
	at net.bytebuddy.ClassFileVersion.ofThisVm(ClassFileVersion.java:349)
	at org.mockito.internal.creation.bytebuddy.InlineDelegateByteBuddyMockMaker.<clinit>(InlineDelegateByteBuddyMockMaker.java:142)
	... 15 more

culturarte.logica.controladores.UsuarioControllerTest.dejarDeSeguirUsuario_SiMismo_LanzaExcepcion -- Time elapsed: 0.005 s <<< ERROR!
java.lang.IllegalStateException: Could not initialize plugin: interface org.mockito.plugins.MockMaker (alternate: null)
	at org.mockito.internal.configuration.plugins.PluginLoader$1.invoke(PluginLoader.java:85)
	at jdk.proxy2/jdk.proxy2.$Proxy11.isTypeMockable(Unknown Source)
	at org.mockito.internal.util.MockUtil.typeMockabilityOf(MockUtil.java:78)
	at org.mockito.internal.util.MockCreationValidator.validateType(MockCreationValidator.java:22)
	at org.mockito.internal.creation.MockSettingsImpl.validatedSettings(MockSettingsImpl.java:275)
	at org.mockito.internal.creation.MockSettingsImpl.build(MockSettingsImpl.java:236)
	at org.mockito.internal.MockitoCore.mock(MockitoCore.java:82)
	at org.mockito.Mockito.mock(Mockito.java:2151)
	at org.mockito.Mockito.mock(Mockito.java:2066)
	at culturarte.logica.controladores.UsuarioControllerTest.setUp(UsuarioControllerTest.java:40)
	at java.base/java.lang.reflect.Method.invoke(Method.java:565)
	at java.base/java.util.ArrayList.forEach(ArrayList.java:1604)
	at java.base/java.util.ArrayList.forEach(ArrayList.java:1604)
	Suppressed: java.lang.NullPointerException: Cannot invoke "org.mockito.MockedStatic.close()" because "this.propuestaManejadorStatic" is null
		at culturarte.logica.controladores.UsuarioControllerTest.tearDown(UsuarioControllerTest.java:52)
		... 3 more
Caused by: java.lang.IllegalStateException: Internal problem occurred, please report it. Mockito is unable to load the default implementation of class that is a part of Mockito distribution. Failed to load interface org.mockito.plugins.MockMaker
	at org.mockito.internal.configuration.plugins.DefaultMockitoPlugins.create(DefaultMockitoPlugins.java:105)
	at org.mockito.internal.configuration.plugins.DefaultMockitoPlugins.getDefaultPlugin(DefaultMockitoPlugins.java:79)
	at org.mockito.internal.configuration.plugins.PluginLoader.loadPlugin(PluginLoader.java:75)
	at org.mockito.internal.configuration.plugins.PluginLoader.loadPlugin(PluginLoader.java:49)
	at org.mockito.internal.configuration.plugins.PluginRegistry.<init>(PluginRegistry.java:29)
	at org.mockito.internal.configuration.plugins.Plugins.<clinit>(Plugins.java:26)
	at org.mockito.internal.MockitoCore.<clinit>(MockitoCore.java:71)
	at org.mockito.Mockito.<clinit>(Mockito.java:1730)
	at culturarte.logica.controladores.PropuestaControllerTest.setUp(PropuestaControllerTest.java:32)
	... 3 more
Caused by: java.lang.reflect.InvocationTargetException
	at java.base/java.lang.reflect.Constructor.newInstanceWithCaller(Constructor.java:499)
	at java.base/java.lang.reflect.Constructor.newInstance(Constructor.java:483)
	at org.mockito.internal.configuration.plugins.DefaultMockitoPlugins.create(DefaultMockitoPlugins.java:103)
	... 11 more
Caused by: org.mockito.exceptions.base.MockitoInitializationException: 
Could not initialize inline Byte Buddy mock maker.

It appears as if your JDK does not supply a working agent attachment mechanism.
Java               : 24
JVM vendor name    : Oracle Corporation
JVM vendor version : 24.0.2+12-54
JVM name           : Java HotSpot(TM) 64-Bit Server VM
JVM version        : 24.0.2+12-54
JVM info           : mixed mode, sharing
OS name            : Windows 11
OS version         : 10.0

	at org.mockito.internal.creation.bytebuddy.InlineDelegateByteBuddyMockMaker.<init>(InlineDelegateByteBuddyMockMaker.java:273)
	at org.mockito.internal.creation.bytebuddy.InlineByteBuddyMockMaker.<init>(InlineByteBuddyMockMaker.java:23)
	... 14 more
Caused by: java.lang.IllegalStateException: Failed to resolve the class file version of the current VM: Unknown Java version: 0
	at net.bytebuddy.ClassFileVersion$VersionLocator$Unresolved.resolve(ClassFileVersion.java:667)
	at net.bytebuddy.ClassFileVersion.ofThisVm(ClassFileVersion.java:349)
	at org.mockito.internal.creation.bytebuddy.InlineDelegateByteBuddyMockMaker.<clinit>(InlineDelegateByteBuddyMockMaker.java:142)
	... 15 more

culturarte.logica.controladores.UsuarioControllerTest.seguirUsuario_SeguirASiMismo_LanzaExcepcion -- Time elapsed: 0.003 s <<< ERROR!
java.lang.IllegalStateException: Could not initialize plugin: interface org.mockito.plugins.MockMaker (alternate: null)
	at org.mockito.internal.configuration.plugins.PluginLoader$1.invoke(PluginLoader.java:85)
	at jdk.proxy2/jdk.proxy2.$Proxy11.isTypeMockable(Unknown Source)
	at org.mockito.internal.util.MockUtil.typeMockabilityOf(MockUtil.java:78)
	at org.mockito.internal.util.MockCreationValidator.validateType(MockCreationValidator.java:22)
	at org.mockito.internal.creation.MockSettingsImpl.validatedSettings(MockSettingsImpl.java:275)
	at org.mockito.internal.creation.MockSettingsImpl.build(MockSettingsImpl.java:236)
	at org.mockito.internal.MockitoCore.mock(MockitoCore.java:82)
	at org.mockito.Mockito.mock(Mockito.java:2151)
	at org.mockito.Mockito.mock(Mockito.java:2066)
	at culturarte.logica.controladores.UsuarioControllerTest.setUp(UsuarioControllerTest.java:40)
	at java.base/java.lang.reflect.Method.invoke(Method.java:565)
	at java.base/java.util.ArrayList.forEach(ArrayList.java:1604)
	at java.base/java.util.ArrayList.forEach(ArrayList.java:1604)
	Suppressed: java.lang.NullPointerException: Cannot invoke "org.mockito.MockedStatic.close()" because "this.propuestaManejadorStatic" is null
		at culturarte.logica.controladores.UsuarioControllerTest.tearDown(UsuarioControllerTest.java:52)
		... 3 more
Caused by: java.lang.IllegalStateException: Internal problem occurred, please report it. Mockito is unable to load the default implementation of class that is a part of Mockito distribution. Failed to load interface org.mockito.plugins.MockMaker
	at org.mockito.internal.configuration.plugins.DefaultMockitoPlugins.create(DefaultMockitoPlugins.java:105)
	at org.mockito.internal.configuration.plugins.DefaultMockitoPlugins.getDefaultPlugin(DefaultMockitoPlugins.java:79)
	at org.mockito.internal.configuration.plugins.PluginLoader.loadPlugin(PluginLoader.java:75)
	at org.mockito.internal.configuration.plugins.PluginLoader.loadPlugin(PluginLoader.java:49)
	at org.mockito.internal.configuration.plugins.PluginRegistry.<init>(PluginRegistry.java:29)
	at org.mockito.internal.configuration.plugins.Plugins.<clinit>(Plugins.java:26)
	at org.mockito.internal.MockitoCore.<clinit>(MockitoCore.java:71)
	at org.mockito.Mockito.<clinit>(Mockito.java:1730)
	at culturarte.logica.controladores.PropuestaControllerTest.setUp(PropuestaControllerTest.java:32)
	... 3 more
Caused by: java.lang.reflect.InvocationTargetException
	at java.base/java.lang.reflect.Constructor.newInstanceWithCaller(Constructor.java:499)
	at java.base/java.lang.reflect.Constructor.newInstance(Constructor.java:483)
	at org.mockito.internal.configuration.plugins.DefaultMockitoPlugins.create(DefaultMockitoPlugins.java:103)
	... 11 more
Caused by: org.mockito.exceptions.base.MockitoInitializationException: 
Could not initialize inline Byte Buddy mock maker.

It appears as if your JDK does not supply a working agent attachment mechanism.
Java               : 24
JVM vendor name    : Oracle Corporation
JVM vendor version : 24.0.2+12-54
JVM name           : Java HotSpot(TM) 64-Bit Server VM
JVM version        : 24.0.2+12-54
JVM info           : mixed mode, sharing
OS name            : Windows 11
OS version         : 10.0

	at org.mockito.internal.creation.bytebuddy.InlineDelegateByteBuddyMockMaker.<init>(InlineDelegateByteBuddyMockMaker.java:273)
	at org.mockito.internal.creation.bytebuddy.InlineByteBuddyMockMaker.<init>(InlineByteBuddyMockMaker.java:23)
	... 14 more
Caused by: java.lang.IllegalStateException: Failed to resolve the class file version of the current VM: Unknown Java version: 0
	at net.bytebuddy.ClassFileVersion$VersionLocator$Unresolved.resolve(ClassFileVersion.java:667)
	at net.bytebuddy.ClassFileVersion.ofThisVm(ClassFileVersion.java:349)
	at org.mockito.internal.creation.bytebuddy.InlineDelegateByteBuddyMockMaker.<clinit>(InlineDelegateByteBuddyMockMaker.java:142)
	... 15 more

culturarte.logica.controladores.UsuarioControllerTest.marcarPropuestaFavorita_UsuarioNoExiste_LanzaExcepcion -- Time elapsed: 0.003 s <<< ERROR!
java.lang.IllegalStateException: Could not initialize plugin: interface org.mockito.plugins.MockMaker (alternate: null)
	at org.mockito.internal.configuration.plugins.PluginLoader$1.invoke(PluginLoader.java:85)
	at jdk.proxy2/jdk.proxy2.$Proxy11.isTypeMockable(Unknown Source)
	at org.mockito.internal.util.MockUtil.typeMockabilityOf(MockUtil.java:78)
	at org.mockito.internal.util.MockCreationValidator.validateType(MockCreationValidator.java:22)
	at org.mockito.internal.creation.MockSettingsImpl.validatedSettings(MockSettingsImpl.java:275)
	at org.mockito.internal.creation.MockSettingsImpl.build(MockSettingsImpl.java:236)
	at org.mockito.internal.MockitoCore.mock(MockitoCore.java:82)
	at org.mockito.Mockito.mock(Mockito.java:2151)
	at org.mockito.Mockito.mock(Mockito.java:2066)
	at culturarte.logica.controladores.UsuarioControllerTest.setUp(UsuarioControllerTest.java:40)
	at java.base/java.lang.reflect.Method.invoke(Method.java:565)
	at java.base/java.util.ArrayList.forEach(ArrayList.java:1604)
	at java.base/java.util.ArrayList.forEach(ArrayList.java:1604)
	Suppressed: java.lang.NullPointerException: Cannot invoke "org.mockito.MockedStatic.close()" because "this.propuestaManejadorStatic" is null
		at culturarte.logica.controladores.UsuarioControllerTest.tearDown(UsuarioControllerTest.java:52)
		... 3 more
Caused by: java.lang.IllegalStateException: Internal problem occurred, please report it. Mockito is unable to load the default implementation of class that is a part of Mockito distribution. Failed to load interface org.mockito.plugins.MockMaker
	at org.mockito.internal.configuration.plugins.DefaultMockitoPlugins.create(DefaultMockitoPlugins.java:105)
	at org.mockito.internal.configuration.plugins.DefaultMockitoPlugins.getDefaultPlugin(DefaultMockitoPlugins.java:79)
	at org.mockito.internal.configuration.plugins.PluginLoader.loadPlugin(PluginLoader.java:75)
	at org.mockito.internal.configuration.plugins.PluginLoader.loadPlugin(PluginLoader.java:49)
	at org.mockito.internal.configuration.plugins.PluginRegistry.<init>(PluginRegistry.java:29)
	at org.mockito.internal.configuration.plugins.Plugins.<clinit>(Plugins.java:26)
	at org.mockito.internal.MockitoCore.<clinit>(MockitoCore.java:71)
	at org.mockito.Mockito.<clinit>(Mockito.java:1730)
	at culturarte.logica.controladores.PropuestaControllerTest.setUp(PropuestaControllerTest.java:32)
	... 3 more
Caused by: java.lang.reflect.InvocationTargetException
	at java.base/java.lang.reflect.Constructor.newInstanceWithCaller(Constructor.java:499)
	at java.base/java.lang.reflect.Constructor.newInstance(Constructor.java:483)
	at org.mockito.internal.configuration.plugins.DefaultMockitoPlugins.create(DefaultMockitoPlugins.java:103)
	... 11 more
Caused by: org.mockito.exceptions.base.MockitoInitializationException: 
Could not initialize inline Byte Buddy mock maker.

It appears as if your JDK does not supply a working agent attachment mechanism.
Java               : 24
JVM vendor name    : Oracle Corporation
JVM vendor version : 24.0.2+12-54
JVM name           : Java HotSpot(TM) 64-Bit Server VM
JVM version        : 24.0.2+12-54
JVM info           : mixed mode, sharing
OS name            : Windows 11
OS version         : 10.0

	at org.mockito.internal.creation.bytebuddy.InlineDelegateByteBuddyMockMaker.<init>(InlineDelegateByteBuddyMockMaker.java:273)
	at org.mockito.internal.creation.bytebuddy.InlineByteBuddyMockMaker.<init>(InlineByteBuddyMockMaker.java:23)
	... 14 more
Caused by: java.lang.IllegalStateException: Failed to resolve the class file version of the current VM: Unknown Java version: 0
	at net.bytebuddy.ClassFileVersion$VersionLocator$Unresolved.resolve(ClassFileVersion.java:667)
	at net.bytebuddy.ClassFileVersion.ofThisVm(ClassFileVersion.java:349)
	at org.mockito.internal.creation.bytebuddy.InlineDelegateByteBuddyMockMaker.<clinit>(InlineDelegateByteBuddyMockMaker.java:142)
	... 15 more

