<?xml version="1.0" encoding="UTF-8"?>
<testsuite xmlns:xsi="http://www.w3.org/2001/XMLSchema-instance" xsi:noNamespaceSchemaLocation="https://maven.apache.org/surefire/maven-surefire-plugin/xsd/surefire-test-report-3.0.xsd" version="3.0" name="culturarte.logica.controladores.UsuarioControllerTest" time="0.532" tests="40" errors="0" skipped="0" failures="0">
  <properties>
[...]
</properties>
  <testcase name="marcarPropuestaFavorita_PropuestaNoExiste_LanzaExcepcion" classname="culturarte.logica.controladores.UsuarioControllerTest" time="0.016"/>
  <testcase name="login_UsuarioNoExiste_LanzaExcepcion" classname="culturarte.logica.controladores.UsuarioControllerTest" time="0.014"/>
  <testcase name="marcarPropuestaFavorita_DatosValidos_MarcaCorrectamente" classname="culturarte.logica.controladores.UsuarioControllerTest" time="0.016"/>
  <testcase name="bajaProponente_DatosValidos_DaDeBajaCorrectamente" classname="culturarte.logica.controladores.UsuarioControllerTest" time="0.068"/>
  <testcase name="crearUsuario_NicknameYaExiste_LanzaExcepcion" classname="culturarte.logica.controladores.UsuarioControllerTest" time="0.014"/>
  <testcase name="bajaProponente_ProponenteNoExiste_LanzaExcepcion" classname="culturarte.logica.controladores.UsuarioControllerTest" time="0.005"/>
  <testcase name="marcarPropuestaFavorita_YaMarcada_LanzaExcepcion" classname="culturarte.logica.controladores.UsuarioControllerTest" time="0.015"/>
  <testcase name="devolverProponentesEliminados_DatosValidos_RetornaListaCorrectamente" classname="culturarte.logica.controladores.UsuarioControllerTest" time="0.022"/>
  <testcase name="seguirUsuario_UsuariosNoExisten_LanzaExcepcion" classname="culturarte.logica.controladores.UsuarioControllerTest" time="0.034"/>
  <testcase name="quitarPropuestaFavorita_DatosValidos_QuitaCorrectamente" classname="culturarte.logica.controladores.UsuarioControllerTest" time="0.014"/>
  <testcase name="seguirUsuario_UsuarioYaSigue_LanzaExcepcion" classname="culturarte.logica.controladores.UsuarioControllerTest" time="0.016"/>
  <testcase name="devolverColaboradorPorNickname_DatosValidos_RetornaCorrectamente" classname="culturarte.logica.controladores.UsuarioControllerTest" time="0.017"/>
  <testcase name="quitarPropuestaFavorita_UsuarioNoExiste_LanzaExcepcion" classname="culturarte.logica.controladores.UsuarioControllerTest" time="0.012"/>
  <testcase name="crearUsuario_CorreoYaExiste_LanzaExcepcion" classname="culturarte.logica.controladores.UsuarioControllerTest" time="0.002"/>
  <testcase name="dejarDeSeguirUsuario_UsuariosNulos_LanzaExcepcion" classname="culturarte.logica.controladores.UsuarioControllerTest" time="0.005"/>
  <testcase name="usuarioUnoYaSigueUsuarioDos_DatosValidos_RetornaBoolCorresponde" classname="culturarte.logica.controladores.UsuarioControllerTest" time="0.003"/>
  <testcase name="usuarioYaTienePropuestaFavorita_DatosValidos_RetornaTrueCuandoCorresponde" classname="culturarte.logica.controladores.UsuarioControllerTest" time="0.002"/>
  <testcase name="login_EntraConCorreo_RetornaDTCorrectamente" classname="culturarte.logica.controladores.UsuarioControllerTest" time="0.012"/>
  <testcase name="devolverColaboradorPorNickname_ColaboradorNoExiste_LanzaExcepcion" classname="culturarte.logica.controladores.UsuarioControllerTest" time="0.015"/>
  <testcase name="dejarDeSeguirUsuario_DatosValidos_DejaSeguirCorrectamente" classname="culturarte.logica.controladores.UsuarioControllerTest" time="0.005"/>
  <testcase name="devolverProponentePorNickname_DatosValidos_RetornaCorrectamente" classname="culturarte.logica.controladores.UsuarioControllerTest" time="0.014"/>
  <testcase name="devolverUsuariosSeguidores_DatosValidos_RetornaListaCorrectamente" classname="culturarte.logica.controladores.UsuarioControllerTest" time="0.003"/>
  <testcase name="devolverUsuariosSeguidos_DatosValidos_RetornaListaCorrectamente" classname="culturarte.logica.controladores.UsuarioControllerTest" time="0.003"/>
  <testcase name="getDTUsuario_UsuarioExiste_RetornaDTCorrectamente" classname="culturarte.logica.controladores.UsuarioControllerTest" time="0.002"/>
  <testcase name="devolverProponentePorNickname_ProponenteNoExiste_LanzaExcepcion" classname="culturarte.logica.controladores.UsuarioControllerTest" time="0.012"/>
  <testcase name="devolverRegistroAccesos_DatosValidos_RetornaListaCorrectamente" classname="culturarte.logica.controladores.UsuarioControllerTest" time="0.045"/>
  <testcase name="getDTUsuario_UsuarioNoExiste_RetornaNull" classname="culturarte.logica.controladores.UsuarioControllerTest" time="0.0"/>
  <testcase name="login_ContraseniaIncorrecta_LanzaExcepcion" classname="culturarte.logica.controladores.UsuarioControllerTest" time="0.017"/>
  <testcase name="quitarPropuestaFavorita_PropuestaNoExiste_LanzaExcepcion" classname="culturarte.logica.controladores.UsuarioControllerTest" time="0.0"/>
  <testcase name="crearUsuario_DatosValidos_CreaCorrectamente" classname="culturarte.logica.controladores.UsuarioControllerTest" time="0.014"/>
  <testcase name="devolverNicknamesUsuarios_DatosValidos_RetornaListaCorrectamente" classname="culturarte.logica.controladores.UsuarioControllerTest" time="0.0"/>
  <testcase name="login_EntraConNickname_RetornaDTCorrectamente" classname="culturarte.logica.controladores.UsuarioControllerTest" time="0.004"/>
  <testcase name="registrarAcceso_DatosValidos_RegistraCorrectamente" classname="culturarte.logica.controladores.UsuarioControllerTest" time="0.004"/>
  <testcase name="seguirUsuario_DatosValidos_SigueCorrectamente" classname="culturarte.logica.controladores.UsuarioControllerTest" time="0.004"/>
  <testcase name="crearUsuario_TipoUsuarioInvalido_LanzaExcepcion" classname="culturarte.logica.controladores.UsuarioControllerTest" time="0.014"/>
  <testcase name="devolverNicknamesColaboradores_DatosValidos_RetornaListaCorrectamente" classname="culturarte.logica.controladores.UsuarioControllerTest" time="0.0"/>
  <testcase name="devolverNicknamesProponentes_DatosValidos_RetornaListaCorrectamente" classname="culturarte.logica.controladores.UsuarioControllerTest" time="0.003"/>
  <testcase name="dejarDeSeguirUsuario_SiMismo_LanzaExcepcion" classname="culturarte.logica.controladores.UsuarioControllerTest" time="0.0"/>
  <testcase name="seguirUsuario_SeguirASiMismo_LanzaExcepcion" classname="culturarte.logica.controladores.UsuarioControllerTest" time="0.005"/>
  <testcase name="marcarPropuestaFavorita_UsuarioNoExiste_LanzaExcepcion" classname="culturarte.logica.controladores.UsuarioControllerTest" time="0.011"/>
</testsuite>