<?xml version="1.0" encoding="UTF-8"?>
<testsuite xmlns:xsi="http://www.w3.org/2001/XMLSchema-instance" xsi:noNamespaceSchemaLocation="https://maven.apache.org/surefire/maven-surefire-plugin/xsd/surefire-test-report-3.0.xsd" version="3.0" name="culturarte.logica.controladores.PropuestaControllerTest" time="2.275" tests="37" errors="0" skipped="0" failures="0">
  <properties>
[...]
</properties>
  <testcase name="crearCategoria_PadreExiste_CreaCorrectamente" classname="culturarte.logica.controladores.PropuestaControllerTest" time="1.505">
    <system-err><![CDATA[WARNING: A Java agent has been loaded dynamically (/home/gaston/.m2/repository/net/bytebuddy/byte-buddy-agent/1.15.10/byte-buddy-agent-1.15.10.jar)
WARNING: If a serviceability tool is in use, please run with -XX:+EnableDynamicAgentLoading to hide this warning
WARNING: If a serviceability tool is not in use, please run with -Djdk.instrument.traceUsage for more information
WARNING: Dynamic loading of agents will be disallowed by default in a future release
]]></system-err>
  </testcase>
  <testcase name="modificarPropuesta_TipoRetornoInvalido_LanzaExcepcion" classname="culturarte.logica.controladores.PropuestaControllerTest" time="0.143"/>
  <testcase name="agregarComentario_PropuestaNoExiste_LanzaExcepcion" classname="culturarte.logica.controladores.PropuestaControllerTest" time="0.009"/>
  <testcase name="registrarColaboracion_PropuestaNoExiste_LanzaExcepcion" classname="culturarte.logica.controladores.PropuestaControllerTest" time="0.008"/>
  <testcase name="devolverTodasLasCategorias_DatosValidos_RetornaListaCorrectamente" classname="culturarte.logica.controladores.PropuestaControllerTest" time="0.055"/>
  <testcase name="devolverPropuestasPorEstado_DatosValidos_RetornaListaCorrectamente" classname="culturarte.logica.controladores.PropuestaControllerTest" time="0.121"/>
  <testcase name="obtenerComentariosPropuesta_PropuestaNoExiste_RetornaListaVaciaCorrectamente" classname="culturarte.logica.controladores.PropuestaControllerTest" time="0.006"/>
  <testcase name="cancelarColaboracion_DatosValidos_CancelaCorrectamente" classname="culturarte.logica.controladores.PropuestaControllerTest" time="0.005"/>
  <testcase name="cancelarPropuesta_DatosValidos_CancelaCorrectamente" classname="culturarte.logica.controladores.PropuestaControllerTest" time="0.007"/>
  <testcase name="modificarPropuesta_DatosValidos_ModificaCorrectamente" classname="culturarte.logica.controladores.PropuestaControllerTest" time="0.014"/>
  <testcase name="obtenerComentariosPropuesta_PropuestaConComentarios_RetornaListaComentariosCorrectamente" classname="culturarte.logica.controladores.PropuestaControllerTest" time="0.076"/>
  <testcase name="modificarPropuesta_PropuestaNoExiste_LanzaExcepcion" classname="culturarte.logica.controladores.PropuestaControllerTest" time="0.005"/>
  <testcase name="registrarColaboracion_DatosValidos_CreaCorrectamente" classname="culturarte.logica.controladores.PropuestaControllerTest" time="0.067"/>
  <testcase name="crearPropuesta_DatosValidos_CreaCorrectamente" classname="culturarte.logica.controladores.PropuestaControllerTest" time="0.031"/>
  <testcase name="evaluarPropuesta_PublicarTrue_CambiaEstadoCorrectamente" classname="culturarte.logica.controladores.PropuestaControllerTest" time="0.003"/>
  <testcase name="agregarComentario_UsuarioNoExiste_LanzaExcepcion" classname="culturarte.logica.controladores.PropuestaControllerTest" time="0.005"/>
  <testcase name="evaluarPropuesta_PropuestaNoExiste_LanzaExcepcion" classname="culturarte.logica.controladores.PropuestaControllerTest" time="0.003"/>
  <testcase name="crearPropuesta_TituloYaExiste_LanzaExcepcion" classname="culturarte.logica.controladores.PropuestaControllerTest" time="0.005"/>
  <testcase name="crearPropuesta_TipoRetornoInvalido_LanzaExcepcion" classname="culturarte.logica.controladores.PropuestaControllerTest" time="0.006"/>
  <testcase name="agregarComentario_DatosValidos_CreaCorrectamente" classname="culturarte.logica.controladores.PropuestaControllerTest" time="0.006"/>
  <testcase name="obtenerComentariosPropuesta_PropuestaSinComentarios_RetornaListaVaciaCorrectamente" classname="culturarte.logica.controladores.PropuestaControllerTest" time="0.004"/>
  <testcase name="cancelarPropuesta_PropuestaNoExiste_LanzaExcepcion" classname="culturarte.logica.controladores.PropuestaControllerTest" time="0.004"/>
  <testcase name="registrarColaboracion_TipoRetornoInvalido_LanzaExcepcion" classname="culturarte.logica.controladores.PropuestaControllerTest" time="0.006"/>
  <testcase name="getPropuestasIngresadas_DatosValidos_RetornaListaCorrectamente" classname="culturarte.logica.controladores.PropuestaControllerTest" time="0.004"/>
  <testcase name="getDTPropuesta_PropuestaNoExiste_RetornaNullCorrectamente" classname="culturarte.logica.controladores.PropuestaControllerTest" time="0.004"/>
  <testcase name="modificarPropuesta_CategoriaNoExiste_LanzaExcepcion" classname="culturarte.logica.controladores.PropuestaControllerTest" time="0.004"/>
  <testcase name="publicarPropuesta_PropuestaNoExiste_LanzaExcepcion" classname="culturarte.logica.controladores.PropuestaControllerTest" time="0.004"/>
  <testcase name="devolverTodasLasPropuestas_DatosValidos_RetornaListaCorrectamente" classname="culturarte.logica.controladores.PropuestaControllerTest" time="0.003"/>
  <testcase name="agregarComentario_ContenidoVacio_LanzaExcepcion" classname="culturarte.logica.controladores.PropuestaControllerTest" time="0.004"/>
  <testcase name="publicarPropuesta_DatosValidos_PublicaCorrectamente" classname="culturarte.logica.controladores.PropuestaControllerTest" time="0.003"/>
  <testcase name="evaluarPropuesta_PublicarFalse_CambiaEstadoCorrectamente" classname="culturarte.logica.controladores.PropuestaControllerTest" time="0.003"/>
  <testcase name="crearCategoria_PadreNoExiste_CreaCorrectamente" classname="culturarte.logica.controladores.PropuestaControllerTest" time="0.004"/>
  <testcase name="registrarColaboracion_UsuarioNoEsColaborador_LanzaExcepcion" classname="culturarte.logica.controladores.PropuestaControllerTest" time="0.005"/>
  <testcase name="obtenerTodasLasColaboraciones_DatosValidos_RetornaListaCorrectamente" classname="culturarte.logica.controladores.PropuestaControllerTest" time="0.039"/>
  <testcase name="crearCategoria_NombreYaExiste_LanzaExcepcion" classname="culturarte.logica.controladores.PropuestaControllerTest" time="0.005"/>
  <testcase name="getDTPropuesta_PropuestaExiste_RetornaDTCorrectamente" classname="culturarte.logica.controladores.PropuestaControllerTest" time="0.005"/>
  <testcase name="crearPropuesta_CategoriaNoExiste_LanzaExcepcion" classname="culturarte.logica.controladores.PropuestaControllerTest" time="0.005"/>
</testsuite>