<?xml version="1.0" encoding="UTF-8"?>
<testsuite xmlns:xsi="http://www.w3.org/2001/XMLSchema-instance" xsi:noNamespaceSchemaLocation="https://maven.apache.org/surefire/maven-surefire-plugin/xsd/surefire-test-report-3.0.xsd" version="3.0" name="culturarte.logica.manejadores.PropuestaManejadorTest" time="11.028" tests="18" errors="0" skipped="0" failures="0">
  <properties>
[...]
</properties>
  <testcase name="obtenerCategoriaPorNombre_CategoriaExiste_RetornaCategoria" classname="culturarte.logica.manejadores.PropuestaManejadorTest" time="10.809">
    <system-err><![CDATA[oct 30, 2025 2:25:19 A. M. org.hibernate.jpa.internal.util.LogHelper logPersistenceUnitInformation
INFO: HHH000204: Processing PersistenceUnitInfo [name: culturartePU]
oct 30, 2025 2:25:20 A. M. org.hibernate.Version logVersion
INFO: HHH000412: Hibernate ORM core version 6.4.4.Final
oct 30, 2025 2:25:20 A. M. org.hibernate.cache.internal.RegionFactoryInitiator initiateService
INFO: HHH000026: Second-level cache disabled
oct 30, 2025 2:25:22 A. M. org.hibernate.engine.jdbc.connections.internal.DriverManagerConnectionProviderImpl configure
WARN: HHH10001002: Using built-in connection pool (not intended for production use)
oct 30, 2025 2:25:22 A. M. org.hibernate.engine.jdbc.connections.internal.DriverManagerConnectionProviderImpl buildCreator
INFO: HHH10001005: Loaded JDBC driver class: com.mysql.cj.jdbc.Driver
oct 30, 2025 2:25:22 A. M. org.hibernate.engine.jdbc.connections.internal.DriverManagerConnectionProviderImpl buildCreator
INFO: HHH10001012: Connecting with JDBC URL [jdbc:mysql://localhost:3306/culturarte]
oct 30, 2025 2:25:22 A. M. org.hibernate.engine.jdbc.connections.internal.DriverManagerConnectionProviderImpl buildCreator
INFO: HHH10001001: Connection properties: {password=****, autocommit=false, user=culturarte}
oct 30, 2025 2:25:22 A. M. org.hibernate.engine.jdbc.connections.internal.DriverManagerConnectionProviderImpl buildCreator
INFO: HHH10001003: Autocommit mode: false
oct 30, 2025 2:25:22 A. M. org.hibernate.engine.jdbc.connections.internal.DriverManagerConnectionProviderImpl$PooledConnections <init>
INFO: HHH10001115: Connection pool size: 20 (min=1)
oct 30, 2025 2:25:24 A. M. org.hibernate.engine.jdbc.dialect.internal.DialectFactoryImpl constructDialect
WARN: HHH90000025: MySQLDialect does not need to be specified explicitly using 'hibernate.dialect' (remove the property setting and it will be selected by default)
oct 30, 2025 2:25:25 A. M. org.hibernate.boot.model.internal.EntityBinder useDiscriminatorColumnForJoined
WARN: HHH000457: Joined inheritance hierarchy [culturarte.logica.modelos.Usuario] defined explicit @DiscriminatorColumn.  Legacy Hibernate behavior was to ignore the @DiscriminatorColumn.  However, as part of issue HHH-6911 we now apply the explicit @DiscriminatorColumn.  If you would prefer the legacy behavior, enable the `hibernate.discriminator.ignore_explicit_for_joined` setting (hibernate.discriminator.ignore_explicit_for_joined=true)
oct 30, 2025 2:25:28 A. M. org.hibernate.engine.transaction.jta.platform.internal.JtaPlatformInitiator initiateService
INFO: HHH000489: No JTA platform available (set 'hibernate.transaction.jta.platform' to enable JTA platform integration)
oct 30, 2025 2:25:28 A. M. org.hibernate.resource.transaction.backend.jdbc.internal.DdlTransactionIsolatorNonJtaImpl getIsolatedConnection
INFO: HHH10001501: Connection obtained from JdbcConnectionAccess [org.hibernate.engine.jdbc.env.internal.JdbcEnvironmentInitiator$ConnectionProviderJdbcConnectionAccess@142db18c] for (non-JTA) DDL execution was not in auto-commit mode; the Connection 'local transaction' will be committed and the Connection will be set into auto-commit mode.
]]></system-err>
  </testcase>
  <testcase name="persistirPropuesta_DatosValidos_PersistCorrectamente" classname="culturarte.logica.manejadores.PropuestaManejadorTest" time="0.007"/>
  <testcase name="cancelarColaboracion_ColaboracionExiste_EliminaCorrectamente" classname="culturarte.logica.manejadores.PropuestaManejadorTest" time="0.083"/>
  <testcase name="obtenerTodasLasColaboraciones_ConColaboraciones_RetornaListaDT" classname="culturarte.logica.manejadores.PropuestaManejadorTest" time="0.021"/>
  <testcase name="persistirColaboracion_DatosValidos_PersistCorrectamente" classname="culturarte.logica.manejadores.PropuestaManejadorTest" time="0.004"/>
  <testcase name="persistirComentario_ErrorAlPersistir_HaceRollback" classname="culturarte.logica.manejadores.PropuestaManejadorTest" time="0.013"/>
  <testcase name="obtenerTodasLasCategorias_ConCategorias_RetornaListaDT" classname="culturarte.logica.manejadores.PropuestaManejadorTest" time="0.006"/>
  <testcase name="persistirComentario_DatosValidos_PersistCorrectamente" classname="culturarte.logica.manejadores.PropuestaManejadorTest" time="0.003"/>
  <testcase name="persistirCategoria_DatosValidos_PersistCorrectamente" classname="culturarte.logica.manejadores.PropuestaManejadorTest" time="0.005"/>
  <testcase name="obtenerPropuestaPorTitulo_PropuestaNoExiste_RetornaNull" classname="culturarte.logica.manejadores.PropuestaManejadorTest" time="0.005"/>
  <testcase name="obtenerCategoriaPorNombre_CategoriaNoExiste_RetornaNull" classname="culturarte.logica.manejadores.PropuestaManejadorTest" time="0.004"/>
  <testcase name="obtenerTodasLasPropuestas_ConPropuestas_RetornaListaDT" classname="culturarte.logica.manejadores.PropuestaManejadorTest" time="0.009"/>
  <testcase name="obtenerPropuestasPorEstado_ConEstado_RetornaListaFiltrada" classname="culturarte.logica.manejadores.PropuestaManejadorTest" time="0.01"/>
  <testcase name="actualizarPropuesta_ErrorAlActualizar_HaceRollback" classname="culturarte.logica.manejadores.PropuestaManejadorTest" time="0.006"/>
  <testcase name="actualizarPropuesta_DatosValidos_ActualizaCorrectamente" classname="culturarte.logica.manejadores.PropuestaManejadorTest" time="0.003"/>
  <testcase name="obtenerPropuestaPorTitulo_PropuestaExiste_RetornaPropuesta" classname="culturarte.logica.manejadores.PropuestaManejadorTest" time="0.004"/>
  <testcase name="cancelarColaboracion_ColaboracionNoExiste_LanzaExcepcion" classname="culturarte.logica.manejadores.PropuestaManejadorTest" time="0.005"/>
  <testcase name="persistirPropuesta_ErrorAlPersistir_HaceRollback" classname="culturarte.logica.manejadores.PropuestaManejadorTest" time="0.005"/>
</testsuite>