<?xml version="1.0" encoding="UTF-8"?>
<testsuite xmlns:xsi="http://www.w3.org/2001/XMLSchema-instance" xsi:noNamespaceSchemaLocation="https://maven.apache.org/surefire/maven-surefire-plugin/xsd/surefire-test-report-3.0.xsd" version="3.0" name="culturarte.logica.controladores.SesionControllerTest" time="0.175" tests="9" errors="0" skipped="0" failures="0">
  <properties>
[...]
</properties>
  <testcase name="login_UsuarioNoExiste_LanzaExcepcion" classname="culturarte.logica.controladores.SesionControllerTest" time="0.016"/>
  <testcase name="getUsuarioActual_UsuarioActualNull_RetornaNullCorrectamente" classname="culturarte.logica.controladores.SesionControllerTest" time="0.004"/>
  <testcase name="logout_DatosValidos_UsuarioActualQuedaNullCorrectamente" classname="culturarte.logica.controladores.SesionControllerTest" time="0.048"/>
  <testcase name="login_EntraConCorreo_RetornaDTCorrectamente" classname="culturarte.logica.controladores.SesionControllerTest" time="0.024"/>
  <testcase name="login_ContraseniaIncorrecta_LanzaExcepcion" classname="culturarte.logica.controladores.SesionControllerTest" time="0.022"/>
  <testcase name="getUsuarioActual_UsuarioActualNoNull_RetornaUsuarioCorrectamente" classname="culturarte.logica.controladores.SesionControllerTest" time="0.012"/>
  <testcase name="isLoggedIn_UsuarioActualNoNull_RetornaTrueCorrectamente" classname="culturarte.logica.controladores.SesionControllerTest" time="0.011"/>
  <testcase name="login_EntraConNickname_RetornaDTCorrectamente" classname="culturarte.logica.controladores.SesionControllerTest" time="0.01"/>
  <testcase name="isLoggedIn_UsuarioActualNull_RetornaFalseCorrectamente" classname="culturarte.logica.controladores.SesionControllerTest" time="0.004"/>
</testsuite>